09:32:40.513 [main                     ] DEBUG Logger               - Configured Logger
09:32:40.546 [main                     ] DEBUG GameApplication      - Logging settings
Title: Basic Game App
Version: 0.0
Width: 848
Height: 560
Fullscreen: false
Intro: false
Profiling: false
Single step:false
App Mode: DEVELOPER
Menu Key: ESCAPE
Stage Style: DECORATED
Scene Factory: class com.almasb.fxgl.app.scene.SceneFactory

09:32:41.453 [JavaFX Application Thread] DEBUG FXGLApplication      - Initializing FXGL
09:32:41.460 [JavaFX Application Thread] INFO  Engine               - FXGL-17.2 (20.08.2022 16.50) on WINDOWS (J:17.0.6 FX:18)
09:32:41.461 [JavaFX Application Thread] DEBUG Engine               - JRE Vendor Name: Amazon.com Inc.
09:32:41.461 [JavaFX Application Thread] DEBUG Engine               - Running on OS: Windows 11 version 10.0
09:32:41.461 [JavaFX Application Thread] DEBUG Engine               - Architecture: amd64
09:32:41.461 [JavaFX Application Thread] INFO  Engine               - Source code and latest versions at: https://github.com/AlmasB/FXGL
09:32:41.461 [JavaFX Application Thread] INFO  Engine               -       Ask questions and discuss at: https://github.com/AlmasB/FXGL/discussions
09:32:41.462 [JavaFX Application Thread] INFO  Engine               -              Join the FXGL chat at: https://gitter.im/AlmasB/FXGL
09:32:41.617 [JavaFX Application Thread] DEBUG PrimaryStageWindow   - Creating a JavaFX scene
09:32:41.686 [JavaFX Application Thread] DEBUG PrimaryStageWindow   - Target settings size: 848.0 x 560.0
09:32:41.687 [JavaFX Application Thread] DEBUG PrimaryStageWindow   - Scaled scene size:    848.0 x 560.0
09:32:41.687 [JavaFX Application Thread] DEBUG PrimaryStageWindow   - Scaled ratio: (1.0, 1.0)
09:32:41.688 [JavaFX Application Thread] DEBUG PrimaryStageWindow   - Set initial scene to FXGLStartupScene
09:32:41.701 [JavaFX Application Thread] DEBUG PrimaryStageWindow   - Opening main window
09:32:41.821 [JavaFX Application Thread] DEBUG PrimaryStageWindow   - Window border size: (14.4000244140625, 37.5999755859375)
09:32:41.822 [JavaFX Application Thread] DEBUG PrimaryStageWindow   - Scaled size: 848.0 x 560.0
09:32:41.823 [JavaFX Application Thread] DEBUG PrimaryStageWindow   - Scaled ratio: (1.0, 1.0)
09:32:41.823 [JavaFX Application Thread] DEBUG PrimaryStageWindow   - Scene size: 848.0 x 560.0
09:32:41.823 [JavaFX Application Thread] DEBUG PrimaryStageWindow   - Stage size: 862.4000244140625 x 597.5999755859375
09:32:41.844 [FXGL Background Thread 1 ] DEBUG Engine               - Initializing environment variables
09:32:41.909 [FXGL Background Thread 1 ] DEBUG FXGLAssetLoaderServi - User app class for loading assets: class org.example.Main
09:32:41.910 [FXGL Background Thread 1 ] DEBUG GameApplicationServi - Applying CSS: fxgl_dark.css
09:32:41.912 [FXGL Background Thread 1 ] DEBUG FXGLAssetLoaderServi - Loading from file system: jar:file:/C:/Users/david/.m2/repository/com/github/almasb/fxgl/17.2/fxgl-17.2.jar!/fxglassets/ui/css/fxgl_dark.css
09:32:41.971 [FXGL Background Thread 1 ] DEBUG GameApplicationServi - Initializing application scenes
09:32:42.037 [FXGL Background Thread 1 ] DEBUG GameWorld            - Game world initialized
09:32:42.134 [FXGL Background Thread 1 ] DEBUG PhysicsWorld         - Physics world initialized: appHeight=560, physics.ppm=50.0
09:32:42.135 [FXGL Background Thread 1 ] DEBUG PhysicsWorld         - Using strategy: BRUTE_FORCE
09:32:42.145 [FXGL Background Thread 1 ] DEBUG GameScene            - Game scene initialized: 848x560
09:32:42.173 [FXGL Background Thread 1 ] WARN  FXGL.DefaultMenu     - FXGLDefaultMenu is not designed for resolutions < 800x600
09:32:42.174 [FXGL Background Thread 1 ] DEBUG FXGL.DefaultMenu     - createMenuBodyGameMenu()
09:32:42.200 [FXGL Background Thread 1 ] DEBUG FXGL.DefaultMenu     - createOptionsMenu()
09:32:42.212 [FXGL Background Thread 1 ] DEBUG FXGLAssetLoaderServi - Loading from file system: jar:file:/C:/Users/david/.m2/repository/com/github/almasb/fxgl/17.2/fxgl-17.2.jar!/fxglassets/textures/particles/smoke.png
09:32:42.365 [FXGL Background Thread 1 ] DEBUG FXGLAssetLoaderServi - Loading from file system: jar:file:/C:/Users/david/.m2/repository/com/github/almasb/fxgl/17.2/fxgl-17.2.jar!/fxglassets/textures/particles/trace_horizontal.png
09:32:42.402 [FXGL Background Thread 1 ] DEBUG GameApplicationServi - Application scenes initialized
09:32:42.418 [FXGL Background Thread 1 ] DEBUG SystemBundleService  - Loading FXGL system data
09:32:42.427 [FXGL Background Thread 1 ] DEBUG FileSystemAccess     - Reading from: C:\Users\david\OneDrive\Escritorio\concurrente\proyecto_concurrencia_simulador_restaurant\system\fxgl.bundle
09:32:42.438 [FXGL Background Thread 1 ] DEBUG SystemBundleService  - Bundle FXGL: {}
09:32:42.438 [FXGL Background Thread 1 ] DEBUG UpdaterService       - Checking for updates
09:32:42.444 [FXGL Background Thread 4 ] DEBUG FXGLApplication      - Loading fonts
09:32:42.444 [FXGL Background Thread 4 ] DEBUG FXGLAssetLoaderServi - Loading from file system: jar:file:/C:/Users/david/.m2/repository/com/github/almasb/fxgl/17.2/fxgl-17.2.jar!/fxglassets/ui/fonts/VarelaRound-Regular.ttf
09:32:42.444 [FXGL Background Thread 1 ] DEBUG FXGLApplication      - Loading default localization
09:32:42.446 [FXGL Background Thread 1 ] DEBUG FXGLAssetLoaderServi - Loading from file system: jar:file:/C:/Users/david/.m2/repository/com/github/almasb/fxgl/17.2/fxgl-17.2.jar!/fxglassets/languages/english.lang
09:32:42.492 [FXGL Background Thread 1 ] INFO  FXGLApplication      - FXGL initialization took: 0.647 sec
09:32:42.495 [JavaFX Application Thread] DEBUG FXGLAssetLoaderServi - Loading from file system: jar:file:/C:/Users/david/.m2/repository/com/github/almasb/fxgl/17.2/fxgl-17.2.jar!/fxglassets/textures/fxgl_icon.png
09:32:42.532 [JavaFX Application Thread] DEBUG FXGLAssetLoaderServi - Loading from file system: jar:file:/C:/Users/david/.m2/repository/com/github/almasb/fxgl/17.2/fxgl-17.2.jar!/fxglassets/textures/fxgl_default_cursor.png
09:32:42.556 [JavaFX Application Thread] DEBUG Input                - Registered new binding: Screenshot - CTRL+8
09:32:42.557 [JavaFX Application Thread] DEBUG Input                - Registered new binding: System info dump - CTRL+9
09:32:42.559 [JavaFX Application Thread] DEBUG Input                - Registered new binding: Restart - CTRL+R
09:32:42.560 [JavaFX Application Thread] DEBUG Input                - Registered new binding: Toggle Debug Camera - CTRL+7
09:32:42.566 [JavaFX Application Thread] DEBUG LoopRunner           - Starting loop
09:32:42.566 [JavaFX Application Thread] DEBUG LoopRunner           - Initializing JavaFX AnimationTimerLoop
09:32:42.570 [JavaFX Application Thread] DEBUG GameApplicationServi - Starting new game
09:32:42.570 [JavaFX Application Thread] DEBUG Input                - Clearing active input actions
09:32:42.585 [FXGL Background Thread 4 ] DEBUG FXGLAssetLoaderServi - Loading from file system: jar:file:/C:/Users/david/.m2/repository/com/github/almasb/fxgl/17.2/fxgl-17.2.jar!/fxglassets/ui/fonts/Abel-Regular.ttf
09:32:42.587 [JavaFX Application Thread] DEBUG GameApplicationServi - Removing overlay from FXGLStartupScene and adding to FXGLLoadingScene
09:32:42.588 [JavaFX Application Thread] DEBUG PrimaryStageWindow   - FXGLStartupScene -> FXGLLoadingScene
09:32:42.588 [JavaFX Application Thread] DEBUG GameApplicationServi - Clearing previous game
09:32:42.588 [JavaFX Application Thread] DEBUG GameScene            - Clearing game scene
09:32:42.589 [JavaFX Application Thread] DEBUG GameWorld            - Clearing game world
09:32:42.589 [JavaFX Application Thread] DEBUG PhysicsWorld         - Clearing physics world
09:32:42.592 [FXGL Background Thread 1 ] DEBUG FXGLApplication      - Initializing game
09:32:42.607 [FXGL Background Thread 4 ] DEBUG FXGLAssetLoaderServi - Loading from file system: jar:file:/C:/Users/david/.m2/repository/com/github/almasb/fxgl/17.2/fxgl-17.2.jar!/fxglassets/ui/fonts/TerminalLandMono-Regular.otf
09:32:42.624 [FXGL Background Thread 1 ] WARN  FXGLAssetLoaderServi - Asset "/assets/textures/fondo.jpg" was not found!
09:32:42.625 [FXGL Background Thread 1 ] WARN  FXGLAssetLoaderServi - Failed to load IMAGE
09:32:42.629 [FXGL Background Thread 4 ] DEBUG FXGLAssetLoaderServi - Loading from file system: jar:file:/C:/Users/david/.m2/repository/com/github/almasb/fxgl/17.2/fxgl-17.2.jar!/fxglassets/ui/fonts/Courier-Prime.ttf
09:32:42.784 [JavaFX Application Thread] DEBUG FXGLApplication      - Registering font factories with UI factory
09:32:42.794 [FXGL Background Thread 1 ] WARN  FXGLAssetLoaderServi - Asset "/assets/textures/Chef B Icon.png" was not found!
09:32:42.795 [FXGL Background Thread 1 ] WARN  FXGLAssetLoaderServi - Failed to load IMAGE
09:32:42.802 [FXGL Background Thread 1 ] WARN  FXGLAssetLoaderServi - Asset "/assets/textures/comensal.png" was not found!
09:32:42.802 [FXGL Background Thread 1 ] WARN  FXGLAssetLoaderServi - Failed to load IMAGE
09:32:42.803 [FXGL Background Thread 1 ] WARN  FXGLAssetLoaderServi - Asset "/assets/textures/comensal.png" was not found!
09:32:42.803 [FXGL Background Thread 1 ] WARN  FXGLAssetLoaderServi - Failed to load IMAGE
09:32:42.804 [FXGL Background Thread 1 ] WARN  FXGLAssetLoaderServi - Asset "/assets/textures/comensal.png" was not found!
09:32:42.804 [FXGL Background Thread 1 ] WARN  FXGLAssetLoaderServi - Failed to load IMAGE
09:32:42.805 [FXGL Background Thread 1 ] WARN  FXGLAssetLoaderServi - Asset "/assets/textures/comensal.png" was not found!
09:32:42.806 [FXGL Background Thread 1 ] WARN  FXGLAssetLoaderServi - Failed to load IMAGE
09:32:42.806 [FXGL Background Thread 1 ] WARN  FXGLAssetLoaderServi - Asset "/assets/textures/comensal.png" was not found!
09:32:42.807 [FXGL Background Thread 1 ] WARN  FXGLAssetLoaderServi - Failed to load IMAGE
09:32:42.808 [FXGL Background Thread 1 ] WARN  FXGLAssetLoaderServi - Asset "/assets/textures/comensal.png" was not found!
09:32:42.808 [FXGL Background Thread 1 ] WARN  FXGLAssetLoaderServi - Failed to load IMAGE
09:32:42.809 [FXGL Background Thread 1 ] WARN  FXGLAssetLoaderServi - Asset "/assets/textures/comensal.png" was not found!
09:32:42.809 [FXGL Background Thread 1 ] WARN  FXGLAssetLoaderServi - Failed to load IMAGE
09:32:42.810 [FXGL Background Thread 1 ] WARN  FXGLAssetLoaderServi - Asset "/assets/textures/comensal.png" was not found!
09:32:42.810 [FXGL Background Thread 1 ] WARN  FXGLAssetLoaderServi - Failed to load IMAGE
09:32:42.811 [FXGL Background Thread 1 ] WARN  FXGLAssetLoaderServi - Asset "/assets/textures/comensal.png" was not found!
09:32:42.812 [FXGL Background Thread 1 ] WARN  FXGLAssetLoaderServi - Failed to load IMAGE
09:32:42.813 [FXGL Background Thread 1 ] WARN  FXGLAssetLoaderServi - Asset "/assets/textures/comensal.png" was not found!
09:32:42.813 [FXGL Background Thread 1 ] WARN  FXGLAssetLoaderServi - Failed to load IMAGE
09:32:42.829 [FXGL Background Thread 1 ] WARN  FXGLAssetLoaderServi - Asset "/assets/textures/waiter.png" was not found!
09:32:42.829 [FXGL Background Thread 1 ] WARN  FXGLAssetLoaderServi - Failed to load IMAGE
09:32:42.835 [FXGL Background Thread 1 ] INFO  FXGLApplication      - Game initialization took: 0.243 sec
09:32:42.918 [JavaFX Application Thread] DEBUG Input                - Clearing active input actions
09:32:42.927 [JavaFX Application Thread] DEBUG GameApplicationServi - Removing overlay from FXGLLoadingScene and adding to GameScene
09:32:42.927 [JavaFX Application Thread] DEBUG PrimaryStageWindow   - FXGLLoadingScene -> GameScene
09:32:43.729 [FXGL Background Thread 2 ] INFO  UpdaterService       - Your current version:  17.2
09:32:43.729 [FXGL Background Thread 2 ] INFO  UpdaterService       - Latest stable version: 21.1
09:32:45.443 [FXGL Background Thread 3 ] DEBUG Engine               - Logging environment variables
09:32:45.444 [FXGL Background Thread 3 ] DEBUG Engine               - achievements: []
09:32:45.445 [FXGL Background Thread 3 ] DEBUG Engine               - actualHeight: 560.0
09:32:45.445 [FXGL Background Thread 3 ] DEBUG Engine               - actualHeightProperty: ReadOnlyDoubleProperty [value: 560.0]
09:32:45.445 [FXGL Background Thread 3 ] DEBUG Engine               - actualWidth: 848.0
09:32:45.445 [FXGL Background Thread 3 ] DEBUG Engine               - actualWidthProperty: ReadOnlyDoubleProperty [value: 848.0]
09:32:45.445 [FXGL Background Thread 3 ] DEBUG Engine               - appIcon: fxgl_icon.png
09:32:45.445 [FXGL Background Thread 3 ] DEBUG Engine               - applicationMode: DEVELOPER
09:32:45.446 [FXGL Background Thread 3 ] DEBUG Engine               - cSSList: [fxgl_dark.css]
09:32:45.446 [FXGL Background Thread 3 ] DEBUG Engine               - collisionDetectionStrategy: BRUTE_FORCE
09:32:45.446 [FXGL Background Thread 3 ] DEBUG Engine               - configClass: Optional.empty
09:32:45.446 [FXGL Background Thread 3 ] DEBUG Engine               - credits: []
09:32:45.446 [FXGL Background Thread 3 ] DEBUG Engine               - defaultCursor: CursorInfo(imageName=fxgl_default_cursor.png, hotspotX=7.0, hotspotY=6.0)
09:32:45.447 [FXGL Background Thread 3 ] DEBUG Engine               - devBBoxColorProperty: ObjectProperty [value: 0xff0000ff]
09:32:45.447 [FXGL Background Thread 3 ] DEBUG Engine               - devEnableDebugCameraProperty: BooleanProperty [value: false]
09:32:45.447 [FXGL Background Thread 3 ] DEBUG Engine               - devSensorColorProperty: ObjectProperty [value: 0xffff00ff]
09:32:45.447 [FXGL Background Thread 3 ] DEBUG Engine               - devShowBBoxProperty: BooleanProperty [value: false]
09:32:45.447 [FXGL Background Thread 3 ] DEBUG Engine               - devShowPositionProperty: BooleanProperty [value: false]
09:32:45.447 [FXGL Background Thread 3 ] DEBUG Engine               - enabledMenuItems: []
09:32:45.447 [FXGL Background Thread 3 ] DEBUG Engine               - engineServices: [class com.almasb.fxgl.app.services.FXGLAssetLoaderService, class com.almasb.fxgl.app.FXGLApplication$GameApplicationService, class com.almasb.fxgl.app.services.FXGLDialogService, class com.almasb.fxgl.app.services.IOTaskExecutorService, class com.almasb.fxgl.io.FileSystemService, class com.almasb.fxgl.localization.LocalizationService, class com.almasb.fxgl.app.services.SystemBundleService, class com.almasb.fxgl.profile.SaveLoadService, class com.almasb.fxgl.ui.FXGLUIFactoryServiceProvider, class com.almasb.fxgl.ui.FXGLDialogFactoryServiceProvider, class com.almasb.fxgl.audio.AudioPlayer, class com.almasb.fxgl.notification.impl.NotificationServiceProvider, class com.almasb.fxgl.achievement.AchievementService, class com.almasb.fxgl.cutscene.CutsceneService, class com.almasb.fxgl.minigames.MiniGameService, class com.almasb.fxgl.net.NetService, class com.almasb.fxgl.app.services.UpdaterService, class com.almasb.fxgl.dev.DevService]
09:32:45.448 [FXGL Background Thread 3 ] DEBUG Engine               - fontGame: Abel-Regular.ttf
09:32:45.448 [FXGL Background Thread 3 ] DEBUG Engine               - fontMono: TerminalLandMono-Regular.otf
09:32:45.448 [FXGL Background Thread 3 ] DEBUG Engine               - fontText: Courier-Prime.ttf
09:32:45.448 [FXGL Background Thread 3 ] DEBUG Engine               - fontUI: VarelaRound-Regular.ttf
09:32:45.448 [FXGL Background Thread 3 ] DEBUG Engine               - fullScreen: BooleanProperty [value: false]
09:32:45.448 [FXGL Background Thread 3 ] DEBUG Engine               - gameDifficulty: MEDIUM
09:32:45.448 [FXGL Background Thread 3 ] DEBUG Engine               - gameDifficultyProperty: ObjectProperty [value: MEDIUM]
09:32:45.448 [FXGL Background Thread 3 ] DEBUG Engine               - globalMusicVolume: 0.5
09:32:45.448 [FXGL Background Thread 3 ] DEBUG Engine               - globalMusicVolumeProperty: DoubleProperty [value: 0.5]
09:32:45.449 [FXGL Background Thread 3 ] DEBUG Engine               - globalSoundVolume: 0.5
09:32:45.449 [FXGL Background Thread 3 ] DEBUG Engine               - globalSoundVolumeProperty: DoubleProperty [value: 0.5]
09:32:45.449 [FXGL Background Thread 3 ] DEBUG Engine               - height: 560
09:32:45.449 [FXGL Background Thread 3 ] DEBUG Engine               - is3D: false
09:32:45.449 [FXGL Background Thread 3 ] DEBUG Engine               - isAndroid: false
09:32:45.449 [FXGL Background Thread 3 ] DEBUG Engine               - isBrowser: false
09:32:45.449 [FXGL Background Thread 3 ] DEBUG Engine               - isClickFeedbackEnabled: false
09:32:45.449 [FXGL Background Thread 3 ] DEBUG Engine               - isCloseConfirmation: false
09:32:45.449 [FXGL Background Thread 3 ] DEBUG Engine               - isDesktop: true
09:32:45.449 [FXGL Background Thread 3 ] DEBUG Engine               - isDeveloperMenuEnabled: false
09:32:45.450 [FXGL Background Thread 3 ] DEBUG Engine               - isEmbedded: false
09:32:45.450 [FXGL Background Thread 3 ] DEBUG Engine               - isEntityPreloadEnabled: true
09:32:45.450 [FXGL Background Thread 3 ] DEBUG Engine               - isExperimentalTiledLargeMap: false
09:32:45.450 [FXGL Background Thread 3 ] DEBUG Engine               - isFileSystemWriteAllowed: true
09:32:45.450 [FXGL Background Thread 3 ] DEBUG Engine               - isFullScreenAllowed: false
09:32:45.450 [FXGL Background Thread 3 ] DEBUG Engine               - isFullScreenFromStart: false
09:32:45.450 [FXGL Background Thread 3 ] DEBUG Engine               - isGameMenuEnabled: true
09:32:45.450 [FXGL Background Thread 3 ] DEBUG Engine               - isIOS: false
09:32:45.450 [FXGL Background Thread 3 ] DEBUG Engine               - isIntroEnabled: false
09:32:45.450 [FXGL Background Thread 3 ] DEBUG Engine               - isLinux: false
09:32:45.450 [FXGL Background Thread 3 ] DEBUG Engine               - isMac: false
09:32:45.451 [FXGL Background Thread 3 ] DEBUG Engine               - isMainMenuEnabled: false
09:32:45.451 [FXGL Background Thread 3 ] DEBUG Engine               - isManualResizeEnabled: false
09:32:45.451 [FXGL Background Thread 3 ] DEBUG Engine               - isMobile: false
09:32:45.451 [FXGL Background Thread 3 ] DEBUG Engine               - isNative: false
09:32:45.451 [FXGL Background Thread 3 ] DEBUG Engine               - isPauseMusicWhenMinimized: true
09:32:45.451 [FXGL Background Thread 3 ] DEBUG Engine               - isPreserveResizeRatio: false
09:32:45.451 [FXGL Background Thread 3 ] DEBUG Engine               - isProfilingEnabled: false
09:32:45.451 [FXGL Background Thread 3 ] DEBUG Engine               - isScaleAffectedOnResize: true
09:32:45.451 [FXGL Background Thread 3 ] DEBUG Engine               - isSingleStep: false
09:32:45.451 [FXGL Background Thread 3 ] DEBUG Engine               - isUserProfileEnabled: false
09:32:45.451 [FXGL Background Thread 3 ] DEBUG Engine               - isWindows: true
09:32:45.451 [FXGL Background Thread 3 ] DEBUG Engine               - language: ObjectProperty [value: ENGLISH]
09:32:45.452 [FXGL Background Thread 3 ] DEBUG Engine               - menuKey: ESCAPE
09:32:45.452 [FXGL Background Thread 3 ] DEBUG Engine               - mouseSensitivity: 0.2
09:32:45.452 [FXGL Background Thread 3 ] DEBUG Engine               - notificationViewClass: class com.almasb.fxgl.notification.view.XboxNotificationView
09:32:45.452 [FXGL Background Thread 3 ] DEBUG Engine               - pixelsPerMeter: 50.0
09:32:45.452 [FXGL Background Thread 3 ] DEBUG Engine               - platform: WINDOWS
09:32:45.452 [FXGL Background Thread 3 ] DEBUG Engine               - prefHeightProperty: ReadOnlyDoubleProperty [value: 560.0]
09:32:45.452 [FXGL Background Thread 3 ] DEBUG Engine               - prefWidthProperty: ReadOnlyDoubleProperty [value: 848.0]
09:32:45.452 [FXGL Background Thread 3 ] DEBUG Engine               - profileDir: profiles/
09:32:45.452 [FXGL Background Thread 3 ] DEBUG Engine               - profileName: StringProperty [value: DEFAULT]
09:32:45.452 [FXGL Background Thread 3 ] DEBUG Engine               - randomSeed: -1
09:32:45.453 [FXGL Background Thread 3 ] DEBUG Engine               - runtimeInfo: RuntimeInfo(platform=WINDOWS, version=17.2, build=20.08.2022 16.50)
09:32:45.453 [FXGL Background Thread 3 ] DEBUG Engine               - saveFileExt: sav
09:32:45.453 [FXGL Background Thread 3 ] DEBUG Engine               - scaledHeightProp$fxgl: DoubleProperty [bound, value: 560.0]
09:32:45.453 [FXGL Background Thread 3 ] DEBUG Engine               - scaledWidthProp$fxgl: DoubleProperty [bound, value: 848.0]
09:32:45.453 [FXGL Background Thread 3 ] DEBUG Engine               - sceneFactory: com.almasb.fxgl.app.scene.SceneFactory@26d6954
09:32:45.453 [FXGL Background Thread 3 ] DEBUG Engine               - secondsIn24h: 60
09:32:45.453 [FXGL Background Thread 3 ] DEBUG Engine               - soundMenuBack: menu/back.wav
09:32:45.453 [FXGL Background Thread 3 ] DEBUG Engine               - soundMenuPress: menu/press.wav
09:32:45.453 [FXGL Background Thread 3 ] DEBUG Engine               - soundMenuSelect: menu/select.wav
09:32:45.453 [FXGL Background Thread 3 ] DEBUG Engine               - soundNotification: core/notification.wav
09:32:45.453 [FXGL Background Thread 3 ] DEBUG Engine               - stageStyle: DECORATED
09:32:45.453 [FXGL Background Thread 3 ] DEBUG Engine               - supportedLanguages: [ENGLISH, FRENCH, GERMAN, HUNGARIAN, RUSSIAN]
09:32:45.453 [FXGL Background Thread 3 ] DEBUG Engine               - ticksPerSecond: -1
09:32:45.454 [FXGL Background Thread 3 ] DEBUG Engine               - title: Basic Game App
09:32:45.454 [FXGL Background Thread 3 ] DEBUG Engine               - urlGithub: https://github.com/AlmasB/FXGL
09:32:45.454 [FXGL Background Thread 3 ] DEBUG Engine               - urlLeaderboard: http://fxgl-top.herokuapp.com/
09:32:45.454 [FXGL Background Thread 3 ] DEBUG Engine               - urlPOM: https://raw.githubusercontent.com/AlmasB/FXGL/release/README.md
09:32:45.454 [FXGL Background Thread 3 ] DEBUG Engine               - userAppClass: class org.example.Main
09:32:45.454 [FXGL Background Thread 3 ] DEBUG Engine               - version: 0.0
09:32:45.454 [FXGL Background Thread 3 ] DEBUG Engine               - versionCheckDays: 7
09:32:45.454 [FXGL Background Thread 3 ] DEBUG Engine               - width: 848
09:32:45.454 [FXGL Background Thread 3 ] DEBUG Engine               - Logging services
09:32:45.454 [FXGL Background Thread 3 ] DEBUG Engine               - class com.almasb.fxgl.app.services.FXGLAssetLoaderService
09:32:45.454 [FXGL Background Thread 3 ] DEBUG Engine               - class com.almasb.fxgl.app.FXGLApplication$GameApplicationService
09:32:45.454 [FXGL Background Thread 3 ] DEBUG Engine               - class com.almasb.fxgl.app.services.FXGLDialogService
09:32:45.454 [FXGL Background Thread 3 ] DEBUG Engine               - class com.almasb.fxgl.app.services.IOTaskExecutorService
09:32:45.454 [FXGL Background Thread 3 ] DEBUG Engine               - class com.almasb.fxgl.io.FileSystemService
09:32:45.454 [FXGL Background Thread 3 ] DEBUG Engine               - class com.almasb.fxgl.localization.LocalizationService
09:32:45.454 [FXGL Background Thread 3 ] DEBUG Engine               - class com.almasb.fxgl.app.services.SystemBundleService
09:32:45.454 [FXGL Background Thread 3 ] DEBUG Engine               - class com.almasb.fxgl.profile.SaveLoadService
09:32:45.454 [FXGL Background Thread 3 ] DEBUG Engine               - class com.almasb.fxgl.ui.FXGLUIFactoryServiceProvider
09:32:45.454 [FXGL Background Thread 3 ] DEBUG Engine               - class com.almasb.fxgl.ui.FXGLDialogFactoryServiceProvider
09:32:45.454 [FXGL Background Thread 3 ] DEBUG Engine               - class com.almasb.fxgl.audio.AudioPlayer
09:32:45.454 [FXGL Background Thread 3 ] DEBUG Engine               - class com.almasb.fxgl.notification.impl.NotificationServiceProvider
09:32:45.455 [FXGL Background Thread 3 ] DEBUG Engine               - class com.almasb.fxgl.achievement.AchievementService
09:32:45.455 [FXGL Background Thread 3 ] DEBUG Engine               - class com.almasb.fxgl.cutscene.CutsceneService
09:32:45.455 [FXGL Background Thread 3 ] DEBUG Engine               - class com.almasb.fxgl.minigames.MiniGameService
09:32:45.455 [FXGL Background Thread 3 ] DEBUG Engine               - class com.almasb.fxgl.net.NetService
09:32:45.455 [FXGL Background Thread 3 ] DEBUG Engine               - class com.almasb.fxgl.app.services.UpdaterService
09:32:45.455 [FXGL Background Thread 3 ] DEBUG Engine               - class com.almasb.fxgl.dev.DevService
09:32:50.623 [JavaFX Application Thread] DEBUG FXGLApplication      - Exiting FXGL
09:32:50.623 [JavaFX Application Thread] DEBUG LoopRunner           - Stopping loop
09:32:50.624 [JavaFX Application Thread] DEBUG SystemBundleService  - Saving FXGL system data
09:32:50.629 [JavaFX Application Thread] DEBUG FileSystemAccess     - Writing to: C:\Users\david\OneDrive\Escritorio\concurrente\proyecto_concurrencia_simulador_restaurant\system\fxgl.bundle
09:32:50.632 [JavaFX Application Thread] DEBUG Async                - Shutting down background threads
09:32:50.632 [JavaFX Application Thread] DEBUG PrimaryStageWindow   - Closing main window
09:32:50.674 [JavaFX Application Thread] DEBUG Logger               - Closing Logger
