00:46:36.669 [main                     ] DEBUG Logger               - Configured Logger
00:46:36.694 [main                     ] DEBUG GameApplication      - Logging settings
Title: Basic Game App
Version: 0.0
Width: 848
Height: 560
Fullscreen: false
Intro: false
Profiling: false
Single step:false
App Mode: DEVELOPER
Menu Key: ESCAPE
Stage Style: DECORATED
Scene Factory: class com.almasb.fxgl.app.scene.SceneFactory

00:46:37.013 [JavaFX Application Thread] DEBUG FXGLApplication      - Initializing FXGL
00:46:37.018 [JavaFX Application Thread] INFO  Engine               - FXGL-17.2 (20.08.2022 16.50) on WINDOWS (J:17.0.6 FX:18)
00:46:37.019 [JavaFX Application Thread] DEBUG Engine               - JRE Vendor Name: Amazon.com Inc.
00:46:37.019 [JavaFX Application Thread] DEBUG Engine               - Running on OS: Windows 11 version 10.0
00:46:37.019 [JavaFX Application Thread] DEBUG Engine               - Architecture: amd64
00:46:37.019 [JavaFX Application Thread] INFO  Engine               - Source code and latest versions at: https://github.com/AlmasB/FXGL
00:46:37.019 [JavaFX Application Thread] INFO  Engine               -       Ask questions and discuss at: https://github.com/AlmasB/FXGL/discussions
00:46:37.019 [JavaFX Application Thread] INFO  Engine               -              Join the FXGL chat at: https://gitter.im/AlmasB/FXGL
00:46:37.124 [JavaFX Application Thread] DEBUG PrimaryStageWindow   - Creating a JavaFX scene
00:46:37.188 [JavaFX Application Thread] DEBUG PrimaryStageWindow   - Target settings size: 848.0 x 560.0
00:46:37.188 [JavaFX Application Thread] DEBUG PrimaryStageWindow   - Scaled scene size:    848.0 x 560.0
00:46:37.189 [JavaFX Application Thread] DEBUG PrimaryStageWindow   - Scaled ratio: (1.0, 1.0)
00:46:37.190 [JavaFX Application Thread] DEBUG PrimaryStageWindow   - Set initial scene to FXGLStartupScene
00:46:37.201 [JavaFX Application Thread] DEBUG PrimaryStageWindow   - Opening main window
00:46:37.331 [JavaFX Application Thread] DEBUG PrimaryStageWindow   - Window border size: (14.4000244140625, 37.5999755859375)
00:46:37.333 [JavaFX Application Thread] DEBUG PrimaryStageWindow   - Scaled size: 848.0 x 560.0
00:46:37.333 [JavaFX Application Thread] DEBUG PrimaryStageWindow   - Scaled ratio: (1.0, 1.0)
00:46:37.334 [JavaFX Application Thread] DEBUG PrimaryStageWindow   - Scene size: 848.0 x 560.0
00:46:37.334 [JavaFX Application Thread] DEBUG PrimaryStageWindow   - Stage size: 862.4000244140625 x 597.5999755859375
00:46:37.355 [FXGL Background Thread 1 ] DEBUG Engine               - Initializing environment variables
00:46:37.408 [FXGL Background Thread 1 ] DEBUG FXGLAssetLoaderServi - User app class for loading assets: class org.example.Main
00:46:37.408 [FXGL Background Thread 1 ] DEBUG GameApplicationServi - Applying CSS: fxgl_dark.css
00:46:37.409 [FXGL Background Thread 1 ] DEBUG FXGLAssetLoaderServi - Loading from file system: jar:file:/C:/Users/david/.m2/repository/com/github/almasb/fxgl/17.2/fxgl-17.2.jar!/fxglassets/ui/css/fxgl_dark.css
00:46:37.482 [FXGL Background Thread 1 ] DEBUG GameApplicationServi - Initializing application scenes
00:46:37.542 [FXGL Background Thread 1 ] DEBUG GameWorld            - Game world initialized
00:46:37.610 [FXGL Background Thread 1 ] DEBUG PhysicsWorld         - Physics world initialized: appHeight=560, physics.ppm=50.0
00:46:37.611 [FXGL Background Thread 1 ] DEBUG PhysicsWorld         - Using strategy: BRUTE_FORCE
00:46:37.622 [FXGL Background Thread 1 ] DEBUG GameScene            - Game scene initialized: 848x560
00:46:37.653 [FXGL Background Thread 1 ] WARN  FXGL.DefaultMenu     - FXGLDefaultMenu is not designed for resolutions < 800x600
00:46:37.654 [FXGL Background Thread 1 ] DEBUG FXGL.DefaultMenu     - createMenuBodyGameMenu()
00:46:37.679 [FXGL Background Thread 1 ] DEBUG FXGL.DefaultMenu     - createOptionsMenu()
00:46:37.689 [FXGL Background Thread 1 ] DEBUG FXGLAssetLoaderServi - Loading from file system: jar:file:/C:/Users/david/.m2/repository/com/github/almasb/fxgl/17.2/fxgl-17.2.jar!/fxglassets/textures/particles/smoke.png
00:46:37.783 [FXGL Background Thread 1 ] DEBUG FXGLAssetLoaderServi - Loading from file system: jar:file:/C:/Users/david/.m2/repository/com/github/almasb/fxgl/17.2/fxgl-17.2.jar!/fxglassets/textures/particles/trace_horizontal.png
00:46:37.815 [FXGL Background Thread 1 ] DEBUG GameApplicationServi - Application scenes initialized
00:46:37.830 [FXGL Background Thread 1 ] DEBUG SystemBundleService  - Loading FXGL system data
00:46:37.837 [FXGL Background Thread 1 ] DEBUG FileSystemAccess     - Reading from: C:\Users\david\OneDrive\Escritorio\concurrente\proyecto_concurrencia_simulador_restaurant\system\fxgl.bundle
00:46:37.845 [FXGL Background Thread 1 ] DEBUG SystemBundleService  - Bundle FXGL: {}
00:46:37.846 [FXGL Background Thread 1 ] DEBUG UpdaterService       - Checking for updates
00:46:37.851 [FXGL Background Thread 4 ] DEBUG FXGLApplication      - Loading fonts
00:46:37.851 [FXGL Background Thread 1 ] DEBUG FXGLApplication      - Loading default localization
00:46:37.851 [FXGL Background Thread 4 ] DEBUG FXGLAssetLoaderServi - Loading from file system: jar:file:/C:/Users/david/.m2/repository/com/github/almasb/fxgl/17.2/fxgl-17.2.jar!/fxglassets/ui/fonts/VarelaRound-Regular.ttf
00:46:37.852 [FXGL Background Thread 1 ] DEBUG FXGLAssetLoaderServi - Loading from file system: jar:file:/C:/Users/david/.m2/repository/com/github/almasb/fxgl/17.2/fxgl-17.2.jar!/fxglassets/languages/english.lang
00:46:37.878 [FXGL Background Thread 1 ] INFO  FXGLApplication      - FXGL initialization took: 0.523 sec
00:46:37.880 [JavaFX Application Thread] DEBUG FXGLAssetLoaderServi - Loading from file system: jar:file:/C:/Users/david/.m2/repository/com/github/almasb/fxgl/17.2/fxgl-17.2.jar!/fxglassets/textures/fxgl_icon.png
00:46:37.909 [JavaFX Application Thread] DEBUG FXGLAssetLoaderServi - Loading from file system: jar:file:/C:/Users/david/.m2/repository/com/github/almasb/fxgl/17.2/fxgl-17.2.jar!/fxglassets/textures/fxgl_default_cursor.png
00:46:37.936 [JavaFX Application Thread] DEBUG Input                - Registered new binding: Screenshot - CTRL+8
00:46:37.938 [JavaFX Application Thread] DEBUG Input                - Registered new binding: System info dump - CTRL+9
00:46:37.940 [JavaFX Application Thread] DEBUG Input                - Registered new binding: Restart - CTRL+R
00:46:37.941 [JavaFX Application Thread] DEBUG Input                - Registered new binding: Toggle Debug Camera - CTRL+7
00:46:37.946 [JavaFX Application Thread] DEBUG LoopRunner           - Starting loop
00:46:37.947 [JavaFX Application Thread] DEBUG LoopRunner           - Initializing JavaFX AnimationTimerLoop
00:46:37.951 [JavaFX Application Thread] DEBUG GameApplicationServi - Starting new game
00:46:37.952 [JavaFX Application Thread] DEBUG Input                - Clearing active input actions
00:46:37.964 [FXGL Background Thread 4 ] DEBUG FXGLAssetLoaderServi - Loading from file system: jar:file:/C:/Users/david/.m2/repository/com/github/almasb/fxgl/17.2/fxgl-17.2.jar!/fxglassets/ui/fonts/Abel-Regular.ttf
00:46:37.968 [JavaFX Application Thread] DEBUG GameApplicationServi - Removing overlay from FXGLStartupScene and adding to FXGLLoadingScene
00:46:37.970 [JavaFX Application Thread] DEBUG PrimaryStageWindow   - FXGLStartupScene -> FXGLLoadingScene
00:46:37.970 [JavaFX Application Thread] DEBUG GameApplicationServi - Clearing previous game
00:46:37.970 [JavaFX Application Thread] DEBUG GameScene            - Clearing game scene
00:46:37.970 [JavaFX Application Thread] DEBUG GameWorld            - Clearing game world
00:46:37.970 [JavaFX Application Thread] DEBUG PhysicsWorld         - Clearing physics world
00:46:37.974 [FXGL Background Thread 1 ] DEBUG FXGLApplication      - Initializing game
00:46:37.983 [FXGL Background Thread 1 ] DEBUG FXGLAssetLoaderServi - Loading from file system: file:/C:/Users/david/OneDrive/Escritorio/concurrente/proyecto_concurrencia_simulador_restaurant/target/classes/assets/textures/fondo.jpg
00:46:37.987 [FXGL Background Thread 4 ] DEBUG FXGLAssetLoaderServi - Loading from file system: jar:file:/C:/Users/david/.m2/repository/com/github/almasb/fxgl/17.2/fxgl-17.2.jar!/fxglassets/ui/fonts/TerminalLandMono-Regular.otf
00:46:38.003 [FXGL Background Thread 1 ] DEBUG FXGLAssetLoaderServi - Loading from file system: file:/C:/Users/david/OneDrive/Escritorio/concurrente/proyecto_concurrencia_simulador_restaurant/target/classes/assets/textures/Chef%20B%20Icon.png
00:46:38.006 [FXGL Background Thread 4 ] DEBUG FXGLAssetLoaderServi - Loading from file system: jar:file:/C:/Users/david/.m2/repository/com/github/almasb/fxgl/17.2/fxgl-17.2.jar!/fxglassets/ui/fonts/Courier-Prime.ttf
00:46:38.032 [FXGL Background Thread 1 ] DEBUG FXGLAssetLoaderServi - Loading from file system: file:/C:/Users/david/OneDrive/Escritorio/concurrente/proyecto_concurrencia_simulador_restaurant/target/classes/assets/textures/comensal.png
00:46:38.035 [JavaFX Application Thread] DEBUG FXGLApplication      - Registering font factories with UI factory
00:46:38.040 [FXGL Background Thread 1 ] DEBUG FXGLAssetLoaderServi - Loading from file system: file:/C:/Users/david/OneDrive/Escritorio/concurrente/proyecto_concurrencia_simulador_restaurant/target/classes/assets/textures/waiter.png
00:46:38.073 [FXGL Background Thread 1 ] INFO  FXGLApplication      - Game initialization took: 0.098 sec
00:46:38.143 [JavaFX Application Thread] DEBUG Input                - Clearing active input actions
00:46:38.154 [JavaFX Application Thread] DEBUG GameApplicationServi - Removing overlay from FXGLLoadingScene and adding to GameScene
00:46:38.156 [JavaFX Application Thread] DEBUG PrimaryStageWindow   - FXGLLoadingScene -> GameScene
00:46:38.415 [FXGL Background Thread 2 ] INFO  UpdaterService       - Your current version:  17.2
00:46:38.415 [FXGL Background Thread 2 ] INFO  UpdaterService       - Latest stable version: 21.1
00:46:40.576 [JavaFX Application Thread] DEBUG FXGLApplication      - Exiting FXGL
00:46:40.577 [JavaFX Application Thread] DEBUG LoopRunner           - Stopping loop
00:46:40.577 [JavaFX Application Thread] DEBUG SystemBundleService  - Saving FXGL system data
00:46:40.581 [JavaFX Application Thread] DEBUG FileSystemAccess     - Writing to: C:\Users\david\OneDrive\Escritorio\concurrente\proyecto_concurrencia_simulador_restaurant\system\fxgl.bundle
00:46:40.582 [JavaFX Application Thread] DEBUG Async                - Shutting down background threads
00:46:40.582 [JavaFX Application Thread] DEBUG PrimaryStageWindow   - Closing main window
00:46:40.597 [JavaFX Application Thread] DEBUG Logger               - Closing Logger
