12:10:22.856 [main                     ] DEBUG Logger               - Configured Logger
12:10:22.893 [main                     ] DEBUG GameApplication      - Logging settings
Title: Basic Game App
Version: 0.0
Width: 848
Height: 560
Fullscreen: false
Intro: false
Profiling: false
Single step:false
App Mode: DEVELOPER
Menu Key: ESCAPE
Stage Style: DECORATED
Scene Factory: class com.almasb.fxgl.app.scene.SceneFactory

12:10:23.521 [JavaFX Application Thread] DEBUG FXGLApplication      - Initializing FXGL
12:10:23.535 [JavaFX Application Thread] INFO  Engine               - FXGL-17.2 (20.08.2022 16.50) on WINDOWS (J:17.0.6 FX:18)
12:10:23.535 [JavaFX Application Thread] DEBUG Engine               - JRE Vendor Name: Amazon.com Inc.
12:10:23.536 [JavaFX Application Thread] DEBUG Engine               - Running on OS: Windows 11 version 10.0
12:10:23.536 [JavaFX Application Thread] DEBUG Engine               - Architecture: amd64
12:10:23.536 [JavaFX Application Thread] INFO  Engine               - Source code and latest versions at: https://github.com/AlmasB/FXGL
12:10:23.536 [JavaFX Application Thread] INFO  Engine               -       Ask questions and discuss at: https://github.com/AlmasB/FXGL/discussions
12:10:23.536 [JavaFX Application Thread] INFO  Engine               -              Join the FXGL chat at: https://gitter.im/AlmasB/FXGL
12:10:23.666 [JavaFX Application Thread] DEBUG PrimaryStageWindow   - Creating a JavaFX scene
12:10:23.713 [JavaFX Application Thread] DEBUG PrimaryStageWindow   - Target settings size: 848.0 x 560.0
12:10:23.714 [JavaFX Application Thread] DEBUG PrimaryStageWindow   - Scaled scene size:    848.0 x 560.0
12:10:23.714 [JavaFX Application Thread] DEBUG PrimaryStageWindow   - Scaled ratio: (1.0, 1.0)
12:10:23.715 [JavaFX Application Thread] DEBUG PrimaryStageWindow   - Set initial scene to FXGLStartupScene
12:10:23.721 [JavaFX Application Thread] DEBUG PrimaryStageWindow   - Opening main window
12:10:23.832 [JavaFX Application Thread] DEBUG PrimaryStageWindow   - Window border size: (14.4000244140625, 37.5999755859375)
12:10:23.834 [JavaFX Application Thread] DEBUG PrimaryStageWindow   - Scaled size: 848.0 x 560.0
12:10:23.834 [JavaFX Application Thread] DEBUG PrimaryStageWindow   - Scaled ratio: (1.0, 1.0)
12:10:23.835 [JavaFX Application Thread] DEBUG PrimaryStageWindow   - Scene size: 848.0 x 560.0
12:10:23.837 [JavaFX Application Thread] DEBUG PrimaryStageWindow   - Stage size: 862.4000244140625 x 597.5999755859375
12:10:23.855 [FXGL Background Thread 1 ] DEBUG Engine               - Initializing environment variables
12:10:23.910 [FXGL Background Thread 1 ] DEBUG FXGLAssetLoaderServi - User app class for loading assets: class org.example.Main
12:10:23.910 [FXGL Background Thread 1 ] DEBUG GameApplicationServi - Applying CSS: fxgl_dark.css
12:10:23.912 [FXGL Background Thread 1 ] DEBUG FXGLAssetLoaderServi - Loading from file system: jar:file:/C:/Users/david/.m2/repository/com/github/almasb/fxgl/17.2/fxgl-17.2.jar!/fxglassets/ui/css/fxgl_dark.css
12:10:23.954 [FXGL Background Thread 1 ] DEBUG GameApplicationServi - Initializing application scenes
12:10:24.021 [FXGL Background Thread 1 ] DEBUG GameWorld            - Game world initialized
12:10:24.080 [FXGL Background Thread 1 ] DEBUG PhysicsWorld         - Physics world initialized: appHeight=560, physics.ppm=50.0
12:10:24.081 [FXGL Background Thread 1 ] DEBUG PhysicsWorld         - Using strategy: BRUTE_FORCE
12:10:24.090 [FXGL Background Thread 1 ] DEBUG GameScene            - Game scene initialized: 848x560
12:10:24.113 [FXGL Background Thread 1 ] WARN  FXGL.DefaultMenu     - FXGLDefaultMenu is not designed for resolutions < 800x600
12:10:24.113 [FXGL Background Thread 1 ] DEBUG FXGL.DefaultMenu     - createMenuBodyGameMenu()
12:10:24.133 [FXGL Background Thread 1 ] DEBUG FXGL.DefaultMenu     - createOptionsMenu()
12:10:24.144 [FXGL Background Thread 1 ] DEBUG FXGLAssetLoaderServi - Loading from file system: jar:file:/C:/Users/david/.m2/repository/com/github/almasb/fxgl/17.2/fxgl-17.2.jar!/fxglassets/textures/particles/smoke.png
12:10:24.263 [FXGL Background Thread 1 ] DEBUG FXGLAssetLoaderServi - Loading from file system: jar:file:/C:/Users/david/.m2/repository/com/github/almasb/fxgl/17.2/fxgl-17.2.jar!/fxglassets/textures/particles/trace_horizontal.png
12:10:24.293 [FXGL Background Thread 1 ] DEBUG GameApplicationServi - Application scenes initialized
12:10:24.309 [FXGL Background Thread 1 ] DEBUG SystemBundleService  - Loading FXGL system data
12:10:24.318 [FXGL Background Thread 1 ] DEBUG FileSystemAccess     - Reading from: C:\Users\david\OneDrive\Escritorio\concurrente\proyecto_concurrencia_simulador_restaurant\system\fxgl.bundle
12:10:24.326 [FXGL Background Thread 1 ] DEBUG SystemBundleService  - Bundle FXGL: {}
12:10:24.327 [FXGL Background Thread 1 ] DEBUG UpdaterService       - Checking for updates
12:10:24.331 [FXGL Background Thread 1 ] DEBUG FXGLApplication      - Loading default localization
12:10:24.330 [FXGL Background Thread 4 ] DEBUG FXGLApplication      - Loading fonts
12:10:24.331 [FXGL Background Thread 1 ] DEBUG FXGLAssetLoaderServi - Loading from file system: jar:file:/C:/Users/david/.m2/repository/com/github/almasb/fxgl/17.2/fxgl-17.2.jar!/fxglassets/languages/english.lang
12:10:24.331 [FXGL Background Thread 4 ] DEBUG FXGLAssetLoaderServi - Loading from file system: jar:file:/C:/Users/david/.m2/repository/com/github/almasb/fxgl/17.2/fxgl-17.2.jar!/fxglassets/ui/fonts/VarelaRound-Regular.ttf
12:10:24.361 [FXGL Background Thread 1 ] INFO  FXGLApplication      - FXGL initialization took: 0.505 sec
12:10:24.362 [JavaFX Application Thread] DEBUG FXGLAssetLoaderServi - Loading from file system: jar:file:/C:/Users/david/.m2/repository/com/github/almasb/fxgl/17.2/fxgl-17.2.jar!/fxglassets/textures/fxgl_icon.png
12:10:24.384 [JavaFX Application Thread] DEBUG FXGLAssetLoaderServi - Loading from file system: jar:file:/C:/Users/david/.m2/repository/com/github/almasb/fxgl/17.2/fxgl-17.2.jar!/fxglassets/textures/fxgl_default_cursor.png
12:10:24.413 [JavaFX Application Thread] DEBUG Input                - Registered new binding: Screenshot - CTRL+8
12:10:24.415 [JavaFX Application Thread] DEBUG Input                - Registered new binding: System info dump - CTRL+9
12:10:24.416 [JavaFX Application Thread] DEBUG Input                - Registered new binding: Restart - CTRL+R
12:10:24.418 [JavaFX Application Thread] DEBUG Input                - Registered new binding: Toggle Debug Camera - CTRL+7
12:10:24.424 [JavaFX Application Thread] DEBUG LoopRunner           - Starting loop
12:10:24.424 [JavaFX Application Thread] DEBUG LoopRunner           - Initializing JavaFX AnimationTimerLoop
12:10:24.426 [JavaFX Application Thread] DEBUG GameApplicationServi - Starting new game
12:10:24.426 [JavaFX Application Thread] DEBUG Input                - Clearing active input actions
12:10:24.428 [FXGL Background Thread 4 ] DEBUG FXGLAssetLoaderServi - Loading from file system: jar:file:/C:/Users/david/.m2/repository/com/github/almasb/fxgl/17.2/fxgl-17.2.jar!/fxglassets/ui/fonts/Abel-Regular.ttf
12:10:24.439 [JavaFX Application Thread] DEBUG GameApplicationServi - Removing overlay from FXGLStartupScene and adding to FXGLLoadingScene
12:10:24.440 [JavaFX Application Thread] DEBUG PrimaryStageWindow   - FXGLStartupScene -> FXGLLoadingScene
12:10:24.440 [JavaFX Application Thread] DEBUG GameApplicationServi - Clearing previous game
12:10:24.440 [JavaFX Application Thread] DEBUG GameScene            - Clearing game scene
12:10:24.440 [JavaFX Application Thread] DEBUG GameWorld            - Clearing game world
12:10:24.441 [JavaFX Application Thread] DEBUG PhysicsWorld         - Clearing physics world
12:10:24.444 [FXGL Background Thread 1 ] DEBUG FXGLApplication      - Initializing game
12:10:24.448 [FXGL Background Thread 4 ] DEBUG FXGLAssetLoaderServi - Loading from file system: jar:file:/C:/Users/david/.m2/repository/com/github/almasb/fxgl/17.2/fxgl-17.2.jar!/fxglassets/ui/fonts/TerminalLandMono-Regular.otf
12:10:24.450 [FXGL Background Thread 1 ] DEBUG FXGLAssetLoaderServi - Loading from file system: file:/C:/Users/david/OneDrive/Escritorio/concurrente/proyecto_concurrencia_simulador_restaurant/target/classes/assets/textures/fondo.jpg
12:10:24.469 [FXGL Background Thread 4 ] DEBUG FXGLAssetLoaderServi - Loading from file system: jar:file:/C:/Users/david/.m2/repository/com/github/almasb/fxgl/17.2/fxgl-17.2.jar!/fxglassets/ui/fonts/Courier-Prime.ttf
12:10:24.475 [FXGL Background Thread 1 ] DEBUG FXGLAssetLoaderServi - Loading from file system: file:/C:/Users/david/OneDrive/Escritorio/concurrente/proyecto_concurrencia_simulador_restaurant/target/classes/assets/textures/Chef%20B%20Icon.png
12:10:24.487 [FXGL Background Thread 1 ] DEBUG FXGLAssetLoaderServi - Loading from file system: file:/C:/Users/david/OneDrive/Escritorio/concurrente/proyecto_concurrencia_simulador_restaurant/target/classes/assets/textures/comensal.png
12:10:24.496 [FXGL Background Thread 1 ] DEBUG FXGLAssetLoaderServi - Loading from file system: file:/C:/Users/david/OneDrive/Escritorio/concurrente/proyecto_concurrencia_simulador_restaurant/target/classes/assets/textures/waiter.png
12:10:24.513 [JavaFX Application Thread] DEBUG FXGLApplication      - Registering font factories with UI factory
12:10:24.545 [FXGL Background Thread 1 ] INFO  FXGLApplication      - Game initialization took: 0.101 sec
12:10:24.618 [JavaFX Application Thread] DEBUG Input                - Clearing active input actions
12:10:24.626 [JavaFX Application Thread] DEBUG GameApplicationServi - Removing overlay from FXGLLoadingScene and adding to GameScene
12:10:24.627 [JavaFX Application Thread] DEBUG PrimaryStageWindow   - FXGLLoadingScene -> GameScene
12:10:24.946 [FXGL Background Thread 2 ] INFO  UpdaterService       - Your current version:  17.2
12:10:24.946 [FXGL Background Thread 2 ] INFO  UpdaterService       - Latest stable version: 21.1
12:10:27.329 [FXGL Background Thread 3 ] DEBUG Engine               - Logging environment variables
12:10:27.331 [FXGL Background Thread 3 ] DEBUG Engine               - achievements: []
12:10:27.331 [FXGL Background Thread 3 ] DEBUG Engine               - actualHeight: 560.0
12:10:27.331 [FXGL Background Thread 3 ] DEBUG Engine               - actualHeightProperty: ReadOnlyDoubleProperty [value: 560.0]
12:10:27.331 [FXGL Background Thread 3 ] DEBUG Engine               - actualWidth: 848.0
12:10:27.332 [FXGL Background Thread 3 ] DEBUG Engine               - actualWidthProperty: ReadOnlyDoubleProperty [value: 848.0]
12:10:27.332 [FXGL Background Thread 3 ] DEBUG Engine               - appIcon: fxgl_icon.png
12:10:27.332 [FXGL Background Thread 3 ] DEBUG Engine               - applicationMode: DEVELOPER
12:10:27.332 [FXGL Background Thread 3 ] DEBUG Engine               - cSSList: [fxgl_dark.css]
12:10:27.332 [FXGL Background Thread 3 ] DEBUG Engine               - collisionDetectionStrategy: BRUTE_FORCE
12:10:27.332 [FXGL Background Thread 3 ] DEBUG Engine               - configClass: Optional.empty
12:10:27.333 [FXGL Background Thread 3 ] DEBUG Engine               - credits: []
12:10:27.333 [FXGL Background Thread 3 ] DEBUG Engine               - defaultCursor: CursorInfo(imageName=fxgl_default_cursor.png, hotspotX=7.0, hotspotY=6.0)
12:10:27.334 [FXGL Background Thread 3 ] DEBUG Engine               - devBBoxColorProperty: ObjectProperty [value: 0xff0000ff]
12:10:27.334 [FXGL Background Thread 3 ] DEBUG Engine               - devEnableDebugCameraProperty: BooleanProperty [value: false]
12:10:27.334 [FXGL Background Thread 3 ] DEBUG Engine               - devSensorColorProperty: ObjectProperty [value: 0xffff00ff]
12:10:27.334 [FXGL Background Thread 3 ] DEBUG Engine               - devShowBBoxProperty: BooleanProperty [value: false]
12:10:27.334 [FXGL Background Thread 3 ] DEBUG Engine               - devShowPositionProperty: BooleanProperty [value: false]
12:10:27.334 [FXGL Background Thread 3 ] DEBUG Engine               - enabledMenuItems: []
12:10:27.334 [FXGL Background Thread 3 ] DEBUG Engine               - engineServices: [class com.almasb.fxgl.app.services.FXGLAssetLoaderService, class com.almasb.fxgl.app.FXGLApplication$GameApplicationService, class com.almasb.fxgl.app.services.FXGLDialogService, class com.almasb.fxgl.app.services.IOTaskExecutorService, class com.almasb.fxgl.io.FileSystemService, class com.almasb.fxgl.localization.LocalizationService, class com.almasb.fxgl.app.services.SystemBundleService, class com.almasb.fxgl.profile.SaveLoadService, class com.almasb.fxgl.ui.FXGLUIFactoryServiceProvider, class com.almasb.fxgl.ui.FXGLDialogFactoryServiceProvider, class com.almasb.fxgl.audio.AudioPlayer, class com.almasb.fxgl.notification.impl.NotificationServiceProvider, class com.almasb.fxgl.achievement.AchievementService, class com.almasb.fxgl.cutscene.CutsceneService, class com.almasb.fxgl.minigames.MiniGameService, class com.almasb.fxgl.net.NetService, class com.almasb.fxgl.app.services.UpdaterService, class com.almasb.fxgl.dev.DevService]
12:10:27.334 [FXGL Background Thread 3 ] DEBUG Engine               - fontGame: Abel-Regular.ttf
12:10:27.335 [FXGL Background Thread 3 ] DEBUG Engine               - fontMono: TerminalLandMono-Regular.otf
12:10:27.335 [FXGL Background Thread 3 ] DEBUG Engine               - fontText: Courier-Prime.ttf
12:10:27.335 [FXGL Background Thread 3 ] DEBUG Engine               - fontUI: VarelaRound-Regular.ttf
12:10:27.335 [FXGL Background Thread 3 ] DEBUG Engine               - fullScreen: BooleanProperty [value: false]
12:10:27.335 [FXGL Background Thread 3 ] DEBUG Engine               - gameDifficulty: MEDIUM
12:10:27.335 [FXGL Background Thread 3 ] DEBUG Engine               - gameDifficultyProperty: ObjectProperty [value: MEDIUM]
12:10:27.335 [FXGL Background Thread 3 ] DEBUG Engine               - globalMusicVolume: 0.5
12:10:27.335 [FXGL Background Thread 3 ] DEBUG Engine               - globalMusicVolumeProperty: DoubleProperty [value: 0.5]
12:10:27.335 [FXGL Background Thread 3 ] DEBUG Engine               - globalSoundVolume: 0.5
12:10:27.335 [FXGL Background Thread 3 ] DEBUG Engine               - globalSoundVolumeProperty: DoubleProperty [value: 0.5]
12:10:27.335 [FXGL Background Thread 3 ] DEBUG Engine               - height: 560
12:10:27.335 [FXGL Background Thread 3 ] DEBUG Engine               - is3D: false
12:10:27.335 [FXGL Background Thread 3 ] DEBUG Engine               - isAndroid: false
12:10:27.336 [FXGL Background Thread 3 ] DEBUG Engine               - isBrowser: false
12:10:27.336 [FXGL Background Thread 3 ] DEBUG Engine               - isClickFeedbackEnabled: false
12:10:27.336 [FXGL Background Thread 3 ] DEBUG Engine               - isCloseConfirmation: false
12:10:27.336 [FXGL Background Thread 3 ] DEBUG Engine               - isDesktop: true
12:10:27.336 [FXGL Background Thread 3 ] DEBUG Engine               - isDeveloperMenuEnabled: false
12:10:27.336 [FXGL Background Thread 3 ] DEBUG Engine               - isEmbedded: false
12:10:27.336 [FXGL Background Thread 3 ] DEBUG Engine               - isEntityPreloadEnabled: true
12:10:27.336 [FXGL Background Thread 3 ] DEBUG Engine               - isExperimentalTiledLargeMap: false
12:10:27.336 [FXGL Background Thread 3 ] DEBUG Engine               - isFileSystemWriteAllowed: true
12:10:27.336 [FXGL Background Thread 3 ] DEBUG Engine               - isFullScreenAllowed: false
12:10:27.336 [FXGL Background Thread 3 ] DEBUG Engine               - isFullScreenFromStart: false
12:10:27.336 [FXGL Background Thread 3 ] DEBUG Engine               - isGameMenuEnabled: true
12:10:27.336 [FXGL Background Thread 3 ] DEBUG Engine               - isIOS: false
12:10:27.336 [FXGL Background Thread 3 ] DEBUG Engine               - isIntroEnabled: false
12:10:27.336 [FXGL Background Thread 3 ] DEBUG Engine               - isLinux: false
12:10:27.336 [FXGL Background Thread 3 ] DEBUG Engine               - isMac: false
12:10:27.337 [FXGL Background Thread 3 ] DEBUG Engine               - isMainMenuEnabled: false
12:10:27.337 [FXGL Background Thread 3 ] DEBUG Engine               - isManualResizeEnabled: false
12:10:27.337 [FXGL Background Thread 3 ] DEBUG Engine               - isMobile: false
12:10:27.337 [FXGL Background Thread 3 ] DEBUG Engine               - isNative: false
12:10:27.337 [FXGL Background Thread 3 ] DEBUG Engine               - isPauseMusicWhenMinimized: true
12:10:27.337 [FXGL Background Thread 3 ] DEBUG Engine               - isPreserveResizeRatio: false
12:10:27.337 [FXGL Background Thread 3 ] DEBUG Engine               - isProfilingEnabled: false
12:10:27.337 [FXGL Background Thread 3 ] DEBUG Engine               - isScaleAffectedOnResize: true
12:10:27.337 [FXGL Background Thread 3 ] DEBUG Engine               - isSingleStep: false
12:10:27.337 [FXGL Background Thread 3 ] DEBUG Engine               - isUserProfileEnabled: false
12:10:27.337 [FXGL Background Thread 3 ] DEBUG Engine               - isWindows: true
12:10:27.337 [FXGL Background Thread 3 ] DEBUG Engine               - language: ObjectProperty [value: ENGLISH]
12:10:27.337 [FXGL Background Thread 3 ] DEBUG Engine               - menuKey: ESCAPE
12:10:27.337 [FXGL Background Thread 3 ] DEBUG Engine               - mouseSensitivity: 0.2
12:10:27.337 [FXGL Background Thread 3 ] DEBUG Engine               - notificationViewClass: class com.almasb.fxgl.notification.view.XboxNotificationView
12:10:27.337 [FXGL Background Thread 3 ] DEBUG Engine               - pixelsPerMeter: 50.0
12:10:27.337 [FXGL Background Thread 3 ] DEBUG Engine               - platform: WINDOWS
12:10:27.337 [FXGL Background Thread 3 ] DEBUG Engine               - prefHeightProperty: ReadOnlyDoubleProperty [value: 560.0]
12:10:27.338 [FXGL Background Thread 3 ] DEBUG Engine               - prefWidthProperty: ReadOnlyDoubleProperty [value: 848.0]
12:10:27.338 [FXGL Background Thread 3 ] DEBUG Engine               - profileDir: profiles/
12:10:27.338 [FXGL Background Thread 3 ] DEBUG Engine               - profileName: StringProperty [value: DEFAULT]
12:10:27.338 [FXGL Background Thread 3 ] DEBUG Engine               - randomSeed: -1
12:10:27.338 [FXGL Background Thread 3 ] DEBUG Engine               - runtimeInfo: RuntimeInfo(platform=WINDOWS, version=17.2, build=20.08.2022 16.50)
12:10:27.338 [FXGL Background Thread 3 ] DEBUG Engine               - saveFileExt: sav
12:10:27.338 [FXGL Background Thread 3 ] DEBUG Engine               - scaledHeightProp$fxgl: DoubleProperty [bound, value: 560.0]
12:10:27.338 [FXGL Background Thread 3 ] DEBUG Engine               - scaledWidthProp$fxgl: DoubleProperty [bound, value: 848.0]
12:10:27.338 [FXGL Background Thread 3 ] DEBUG Engine               - sceneFactory: com.almasb.fxgl.app.scene.SceneFactory@72bcd6fa
12:10:27.339 [FXGL Background Thread 3 ] DEBUG Engine               - secondsIn24h: 60
12:10:27.339 [FXGL Background Thread 3 ] DEBUG Engine               - soundMenuBack: menu/back.wav
12:10:27.339 [FXGL Background Thread 3 ] DEBUG Engine               - soundMenuPress: menu/press.wav
12:10:27.339 [FXGL Background Thread 3 ] DEBUG Engine               - soundMenuSelect: menu/select.wav
12:10:27.339 [FXGL Background Thread 3 ] DEBUG Engine               - soundNotification: core/notification.wav
12:10:27.339 [FXGL Background Thread 3 ] DEBUG Engine               - stageStyle: DECORATED
12:10:27.339 [FXGL Background Thread 3 ] DEBUG Engine               - supportedLanguages: [ENGLISH, FRENCH, GERMAN, HUNGARIAN, RUSSIAN]
12:10:27.339 [FXGL Background Thread 3 ] DEBUG Engine               - ticksPerSecond: -1
12:10:27.339 [FXGL Background Thread 3 ] DEBUG Engine               - title: Basic Game App
12:10:27.339 [FXGL Background Thread 3 ] DEBUG Engine               - urlGithub: https://github.com/AlmasB/FXGL
12:10:27.339 [FXGL Background Thread 3 ] DEBUG Engine               - urlLeaderboard: http://fxgl-top.herokuapp.com/
12:10:27.339 [FXGL Background Thread 3 ] DEBUG Engine               - urlPOM: https://raw.githubusercontent.com/AlmasB/FXGL/release/README.md
12:10:27.339 [FXGL Background Thread 3 ] DEBUG Engine               - userAppClass: class org.example.Main
12:10:27.339 [FXGL Background Thread 3 ] DEBUG Engine               - version: 0.0
12:10:27.339 [FXGL Background Thread 3 ] DEBUG Engine               - versionCheckDays: 7
12:10:27.339 [FXGL Background Thread 3 ] DEBUG Engine               - width: 848
12:10:27.339 [FXGL Background Thread 3 ] DEBUG Engine               - Logging services
12:10:27.339 [FXGL Background Thread 3 ] DEBUG Engine               - class com.almasb.fxgl.app.services.FXGLAssetLoaderService
12:10:27.339 [FXGL Background Thread 3 ] DEBUG Engine               - class com.almasb.fxgl.app.FXGLApplication$GameApplicationService
12:10:27.339 [FXGL Background Thread 3 ] DEBUG Engine               - class com.almasb.fxgl.app.services.FXGLDialogService
12:10:27.339 [FXGL Background Thread 3 ] DEBUG Engine               - class com.almasb.fxgl.app.services.IOTaskExecutorService
12:10:27.339 [FXGL Background Thread 3 ] DEBUG Engine               - class com.almasb.fxgl.io.FileSystemService
12:10:27.339 [FXGL Background Thread 3 ] DEBUG Engine               - class com.almasb.fxgl.localization.LocalizationService
12:10:27.339 [FXGL Background Thread 3 ] DEBUG Engine               - class com.almasb.fxgl.app.services.SystemBundleService
12:10:27.339 [FXGL Background Thread 3 ] DEBUG Engine               - class com.almasb.fxgl.profile.SaveLoadService
12:10:27.339 [FXGL Background Thread 3 ] DEBUG Engine               - class com.almasb.fxgl.ui.FXGLUIFactoryServiceProvider
12:10:27.340 [FXGL Background Thread 3 ] DEBUG Engine               - class com.almasb.fxgl.ui.FXGLDialogFactoryServiceProvider
12:10:27.340 [FXGL Background Thread 3 ] DEBUG Engine               - class com.almasb.fxgl.audio.AudioPlayer
12:10:27.340 [FXGL Background Thread 3 ] DEBUG Engine               - class com.almasb.fxgl.notification.impl.NotificationServiceProvider
12:10:27.340 [FXGL Background Thread 3 ] DEBUG Engine               - class com.almasb.fxgl.achievement.AchievementService
12:10:27.340 [FXGL Background Thread 3 ] DEBUG Engine               - class com.almasb.fxgl.cutscene.CutsceneService
12:10:27.340 [FXGL Background Thread 3 ] DEBUG Engine               - class com.almasb.fxgl.minigames.MiniGameService
12:10:27.340 [FXGL Background Thread 3 ] DEBUG Engine               - class com.almasb.fxgl.net.NetService
12:10:27.340 [FXGL Background Thread 3 ] DEBUG Engine               - class com.almasb.fxgl.app.services.UpdaterService
12:10:27.340 [FXGL Background Thread 3 ] DEBUG Engine               - class com.almasb.fxgl.dev.DevService
12:11:39.260 [JavaFX Application Thread] DEBUG FXGLApplication      - Exiting FXGL
12:11:39.261 [JavaFX Application Thread] DEBUG LoopRunner           - Stopping loop
12:11:39.261 [JavaFX Application Thread] DEBUG SystemBundleService  - Saving FXGL system data
12:11:39.263 [JavaFX Application Thread] DEBUG FileSystemAccess     - Writing to: C:\Users\david\OneDrive\Escritorio\concurrente\proyecto_concurrencia_simulador_restaurant\system\fxgl.bundle
12:11:39.265 [JavaFX Application Thread] DEBUG Async                - Shutting down background threads
12:11:39.265 [JavaFX Application Thread] DEBUG PrimaryStageWindow   - Closing main window
12:11:39.297 [JavaFX Application Thread] DEBUG Logger               - Closing Logger
