10:12:44.915 [main                     ] DEBUG Logger               - Configured Logger
10:12:44.947 [main                     ] DEBUG GameApplication      - Logging settings
Title: Basic Game App
Version: 0.0
Width: 848
Height: 560
Fullscreen: false
Intro: false
Profiling: false
Single step:false
App Mode: DEVELOPER
Menu Key: ESCAPE
Stage Style: DECORATED
Scene Factory: class com.almasb.fxgl.app.scene.SceneFactory

10:12:45.272 [JavaFX Application Thread] DEBUG FXGLApplication      - Initializing FXGL
10:12:45.281 [JavaFX Application Thread] INFO  Engine               - FXGL-17.2 (20.08.2022 16.50) on WINDOWS (J:17.0.6 FX:18)
10:12:45.281 [JavaFX Application Thread] DEBUG Engine               - JRE Vendor Name: Amazon.com Inc.
10:12:45.281 [JavaFX Application Thread] DEBUG Engine               - Running on OS: Windows 11 version 10.0
10:12:45.281 [JavaFX Application Thread] DEBUG Engine               - Architecture: amd64
10:12:45.282 [JavaFX Application Thread] INFO  Engine               - Source code and latest versions at: https://github.com/AlmasB/FXGL
10:12:45.282 [JavaFX Application Thread] INFO  Engine               -       Ask questions and discuss at: https://github.com/AlmasB/FXGL/discussions
10:12:45.282 [JavaFX Application Thread] INFO  Engine               -              Join the FXGL chat at: https://gitter.im/AlmasB/FXGL
10:12:45.385 [JavaFX Application Thread] DEBUG PrimaryStageWindow   - Creating a JavaFX scene
10:12:45.423 [JavaFX Application Thread] DEBUG PrimaryStageWindow   - Target settings size: 848.0 x 560.0
10:12:45.424 [JavaFX Application Thread] DEBUG PrimaryStageWindow   - Scaled scene size:    848.0 x 560.0
10:12:45.424 [JavaFX Application Thread] DEBUG PrimaryStageWindow   - Scaled ratio: (1.0, 1.0)
10:12:45.425 [JavaFX Application Thread] DEBUG PrimaryStageWindow   - Set initial scene to FXGLStartupScene
10:12:45.432 [JavaFX Application Thread] DEBUG PrimaryStageWindow   - Opening main window
10:12:45.530 [JavaFX Application Thread] DEBUG PrimaryStageWindow   - Window border size: (14.4000244140625, 37.5999755859375)
10:12:45.531 [JavaFX Application Thread] DEBUG PrimaryStageWindow   - Scaled size: 848.0 x 560.0
10:12:45.531 [JavaFX Application Thread] DEBUG PrimaryStageWindow   - Scaled ratio: (1.0, 1.0)
10:12:45.531 [JavaFX Application Thread] DEBUG PrimaryStageWindow   - Scene size: 848.0 x 560.0
10:12:45.532 [JavaFX Application Thread] DEBUG PrimaryStageWindow   - Stage size: 862.4000244140625 x 597.5999755859375
10:12:45.539 [FXGL Background Thread 1 ] DEBUG Engine               - Initializing environment variables
10:12:45.586 [FXGL Background Thread 1 ] DEBUG FXGLAssetLoaderServi - User app class for loading assets: class org.example.Main
10:12:45.586 [FXGL Background Thread 1 ] DEBUG GameApplicationServi - Applying CSS: fxgl_dark.css
10:12:45.587 [FXGL Background Thread 1 ] DEBUG FXGLAssetLoaderServi - Loading from file system: jar:file:/C:/Users/david/.m2/repository/com/github/almasb/fxgl/17.2/fxgl-17.2.jar!/fxglassets/ui/css/fxgl_dark.css
10:12:45.638 [FXGL Background Thread 1 ] DEBUG GameApplicationServi - Initializing application scenes
10:12:45.689 [FXGL Background Thread 1 ] DEBUG GameWorld            - Game world initialized
10:12:45.750 [FXGL Background Thread 1 ] DEBUG PhysicsWorld         - Physics world initialized: appHeight=560, physics.ppm=50.0
10:12:45.751 [FXGL Background Thread 1 ] DEBUG PhysicsWorld         - Using strategy: BRUTE_FORCE
10:12:45.757 [FXGL Background Thread 1 ] DEBUG GameScene            - Game scene initialized: 848x560
10:12:45.774 [FXGL Background Thread 1 ] WARN  FXGL.DefaultMenu     - FXGLDefaultMenu is not designed for resolutions < 800x600
10:12:45.774 [FXGL Background Thread 1 ] DEBUG FXGL.DefaultMenu     - createMenuBodyGameMenu()
10:12:45.794 [FXGL Background Thread 1 ] DEBUG FXGL.DefaultMenu     - createOptionsMenu()
10:12:45.805 [FXGL Background Thread 1 ] DEBUG FXGLAssetLoaderServi - Loading from file system: jar:file:/C:/Users/david/.m2/repository/com/github/almasb/fxgl/17.2/fxgl-17.2.jar!/fxglassets/textures/particles/smoke.png
10:12:45.883 [FXGL Background Thread 1 ] DEBUG FXGLAssetLoaderServi - Loading from file system: jar:file:/C:/Users/david/.m2/repository/com/github/almasb/fxgl/17.2/fxgl-17.2.jar!/fxglassets/textures/particles/trace_horizontal.png
10:12:45.910 [FXGL Background Thread 1 ] DEBUG GameApplicationServi - Application scenes initialized
10:12:45.920 [FXGL Background Thread 1 ] DEBUG SystemBundleService  - Loading FXGL system data
10:12:45.926 [FXGL Background Thread 1 ] DEBUG FileSystemAccess     - Reading from: C:\Users\david\OneDrive\Escritorio\concurrente\proyecto_concurrencia_simulador_restaurant\system\fxgl.bundle
10:12:45.932 [FXGL Background Thread 1 ] DEBUG SystemBundleService  - Bundle FXGL: {}
10:12:45.932 [FXGL Background Thread 1 ] DEBUG UpdaterService       - Checking for updates
10:12:45.937 [FXGL Background Thread 4 ] DEBUG FXGLApplication      - Loading fonts
10:12:45.937 [FXGL Background Thread 1 ] DEBUG FXGLApplication      - Loading default localization
10:12:45.937 [FXGL Background Thread 4 ] DEBUG FXGLAssetLoaderServi - Loading from file system: jar:file:/C:/Users/david/.m2/repository/com/github/almasb/fxgl/17.2/fxgl-17.2.jar!/fxglassets/ui/fonts/VarelaRound-Regular.ttf
10:12:45.938 [FXGL Background Thread 1 ] DEBUG FXGLAssetLoaderServi - Loading from file system: jar:file:/C:/Users/david/.m2/repository/com/github/almasb/fxgl/17.2/fxgl-17.2.jar!/fxglassets/languages/english.lang
10:12:45.968 [FXGL Background Thread 1 ] INFO  FXGLApplication      - FXGL initialization took: 0.429 sec
10:12:45.970 [JavaFX Application Thread] DEBUG FXGLAssetLoaderServi - Loading from file system: jar:file:/C:/Users/david/.m2/repository/com/github/almasb/fxgl/17.2/fxgl-17.2.jar!/fxglassets/textures/fxgl_icon.png
10:12:45.994 [JavaFX Application Thread] DEBUG FXGLAssetLoaderServi - Loading from file system: jar:file:/C:/Users/david/.m2/repository/com/github/almasb/fxgl/17.2/fxgl-17.2.jar!/fxglassets/textures/fxgl_default_cursor.png
10:12:46.010 [JavaFX Application Thread] DEBUG Input                - Registered new binding: Screenshot - CTRL+8
10:12:46.011 [JavaFX Application Thread] DEBUG Input                - Registered new binding: System info dump - CTRL+9
10:12:46.012 [JavaFX Application Thread] DEBUG Input                - Registered new binding: Restart - CTRL+R
10:12:46.013 [JavaFX Application Thread] DEBUG Input                - Registered new binding: Toggle Debug Camera - CTRL+7
10:12:46.017 [JavaFX Application Thread] DEBUG LoopRunner           - Starting loop
10:12:46.017 [JavaFX Application Thread] DEBUG LoopRunner           - Initializing JavaFX AnimationTimerLoop
10:12:46.020 [JavaFX Application Thread] DEBUG GameApplicationServi - Starting new game
10:12:46.021 [JavaFX Application Thread] DEBUG Input                - Clearing active input actions
10:12:46.024 [FXGL Background Thread 4 ] DEBUG FXGLAssetLoaderServi - Loading from file system: jar:file:/C:/Users/david/.m2/repository/com/github/almasb/fxgl/17.2/fxgl-17.2.jar!/fxglassets/ui/fonts/Abel-Regular.ttf
10:12:46.034 [JavaFX Application Thread] DEBUG GameApplicationServi - Removing overlay from FXGLStartupScene and adding to FXGLLoadingScene
10:12:46.035 [JavaFX Application Thread] DEBUG PrimaryStageWindow   - FXGLStartupScene -> FXGLLoadingScene
10:12:46.036 [JavaFX Application Thread] DEBUG GameApplicationServi - Clearing previous game
10:12:46.036 [JavaFX Application Thread] DEBUG GameScene            - Clearing game scene
10:12:46.036 [JavaFX Application Thread] DEBUG GameWorld            - Clearing game world
10:12:46.036 [JavaFX Application Thread] DEBUG PhysicsWorld         - Clearing physics world
10:12:46.038 [FXGL Background Thread 1 ] DEBUG FXGLApplication      - Initializing game
10:12:46.045 [FXGL Background Thread 1 ] DEBUG FXGLAssetLoaderServi - Loading from file system: file:/C:/Users/david/OneDrive/Escritorio/concurrente/proyecto_concurrencia_simulador_restaurant/target/classes/assets/textures/fondo.jpg
10:12:46.048 [FXGL Background Thread 4 ] DEBUG FXGLAssetLoaderServi - Loading from file system: jar:file:/C:/Users/david/.m2/repository/com/github/almasb/fxgl/17.2/fxgl-17.2.jar!/fxglassets/ui/fonts/TerminalLandMono-Regular.otf
10:12:46.065 [FXGL Background Thread 4 ] DEBUG FXGLAssetLoaderServi - Loading from file system: jar:file:/C:/Users/david/.m2/repository/com/github/almasb/fxgl/17.2/fxgl-17.2.jar!/fxglassets/ui/fonts/Courier-Prime.ttf
10:12:46.076 [FXGL Background Thread 1 ] DEBUG FXGLAssetLoaderServi - Loading from file system: file:/C:/Users/david/OneDrive/Escritorio/concurrente/proyecto_concurrencia_simulador_restaurant/target/classes/assets/textures/comensal.png
10:12:46.085 [FXGL Background Thread 1 ] DEBUG FXGLAssetLoaderServi - Loading from file system: file:/C:/Users/david/OneDrive/Escritorio/concurrente/proyecto_concurrencia_simulador_restaurant/target/classes/assets/textures/waiter.png
10:12:46.087 [JavaFX Application Thread] DEBUG FXGLApplication      - Registering font factories with UI factory
10:12:46.160 [FXGL Background Thread 1 ] INFO  FXGLApplication      - Game initialization took: 0.117 sec
10:12:46.192 [JavaFX Application Thread] DEBUG Input                - Clearing active input actions
10:12:46.197 [JavaFX Application Thread] DEBUG GameApplicationServi - Removing overlay from FXGLLoadingScene and adding to GameScene
10:12:46.198 [JavaFX Application Thread] DEBUG PrimaryStageWindow   - FXGLLoadingScene -> GameScene
10:12:46.472 [FXGL Background Thread 2 ] INFO  UpdaterService       - Your current version:  17.2
10:12:46.472 [FXGL Background Thread 2 ] INFO  UpdaterService       - Latest stable version: 21.1
10:12:48.935 [FXGL Background Thread 3 ] DEBUG Engine               - Logging environment variables
10:12:48.936 [FXGL Background Thread 3 ] DEBUG Engine               - achievements: []
10:12:48.937 [FXGL Background Thread 3 ] DEBUG Engine               - actualHeight: 560.0
10:12:48.937 [FXGL Background Thread 3 ] DEBUG Engine               - actualHeightProperty: ReadOnlyDoubleProperty [value: 560.0]
10:12:48.937 [FXGL Background Thread 3 ] DEBUG Engine               - actualWidth: 848.0
10:12:48.937 [FXGL Background Thread 3 ] DEBUG Engine               - actualWidthProperty: ReadOnlyDoubleProperty [value: 848.0]
10:12:48.938 [FXGL Background Thread 3 ] DEBUG Engine               - appIcon: fxgl_icon.png
10:12:48.938 [FXGL Background Thread 3 ] DEBUG Engine               - applicationMode: DEVELOPER
10:12:48.938 [FXGL Background Thread 3 ] DEBUG Engine               - cSSList: [fxgl_dark.css]
10:12:48.938 [FXGL Background Thread 3 ] DEBUG Engine               - collisionDetectionStrategy: BRUTE_FORCE
10:12:48.938 [FXGL Background Thread 3 ] DEBUG Engine               - configClass: Optional.empty
10:12:48.938 [FXGL Background Thread 3 ] DEBUG Engine               - credits: []
10:12:48.939 [FXGL Background Thread 3 ] DEBUG Engine               - defaultCursor: CursorInfo(imageName=fxgl_default_cursor.png, hotspotX=7.0, hotspotY=6.0)
10:12:48.939 [FXGL Background Thread 3 ] DEBUG Engine               - devBBoxColorProperty: ObjectProperty [value: 0xff0000ff]
10:12:48.939 [FXGL Background Thread 3 ] DEBUG Engine               - devEnableDebugCameraProperty: BooleanProperty [value: false]
10:12:48.939 [FXGL Background Thread 3 ] DEBUG Engine               - devSensorColorProperty: ObjectProperty [value: 0xffff00ff]
10:12:48.939 [FXGL Background Thread 3 ] DEBUG Engine               - devShowBBoxProperty: BooleanProperty [value: false]
10:12:48.939 [FXGL Background Thread 3 ] DEBUG Engine               - devShowPositionProperty: BooleanProperty [value: false]
10:12:48.939 [FXGL Background Thread 3 ] DEBUG Engine               - enabledMenuItems: []
10:12:48.940 [FXGL Background Thread 3 ] DEBUG Engine               - engineServices: [class com.almasb.fxgl.app.services.FXGLAssetLoaderService, class com.almasb.fxgl.app.FXGLApplication$GameApplicationService, class com.almasb.fxgl.app.services.FXGLDialogService, class com.almasb.fxgl.app.services.IOTaskExecutorService, class com.almasb.fxgl.io.FileSystemService, class com.almasb.fxgl.localization.LocalizationService, class com.almasb.fxgl.app.services.SystemBundleService, class com.almasb.fxgl.profile.SaveLoadService, class com.almasb.fxgl.ui.FXGLUIFactoryServiceProvider, class com.almasb.fxgl.ui.FXGLDialogFactoryServiceProvider, class com.almasb.fxgl.audio.AudioPlayer, class com.almasb.fxgl.notification.impl.NotificationServiceProvider, class com.almasb.fxgl.achievement.AchievementService, class com.almasb.fxgl.cutscene.CutsceneService, class com.almasb.fxgl.minigames.MiniGameService, class com.almasb.fxgl.net.NetService, class com.almasb.fxgl.app.services.UpdaterService, class com.almasb.fxgl.dev.DevService]
10:12:48.940 [FXGL Background Thread 3 ] DEBUG Engine               - fontGame: Abel-Regular.ttf
10:12:48.940 [FXGL Background Thread 3 ] DEBUG Engine               - fontMono: TerminalLandMono-Regular.otf
10:12:48.940 [FXGL Background Thread 3 ] DEBUG Engine               - fontText: Courier-Prime.ttf
10:12:48.940 [FXGL Background Thread 3 ] DEBUG Engine               - fontUI: VarelaRound-Regular.ttf
10:12:48.940 [FXGL Background Thread 3 ] DEBUG Engine               - fullScreen: BooleanProperty [value: false]
10:12:48.940 [FXGL Background Thread 3 ] DEBUG Engine               - gameDifficulty: MEDIUM
10:12:48.940 [FXGL Background Thread 3 ] DEBUG Engine               - gameDifficultyProperty: ObjectProperty [value: MEDIUM]
10:12:48.940 [FXGL Background Thread 3 ] DEBUG Engine               - globalMusicVolume: 0.5
10:12:48.940 [FXGL Background Thread 3 ] DEBUG Engine               - globalMusicVolumeProperty: DoubleProperty [value: 0.5]
10:12:48.940 [FXGL Background Thread 3 ] DEBUG Engine               - globalSoundVolume: 0.5
10:12:48.940 [FXGL Background Thread 3 ] DEBUG Engine               - globalSoundVolumeProperty: DoubleProperty [value: 0.5]
10:12:48.940 [FXGL Background Thread 3 ] DEBUG Engine               - height: 560
10:12:48.940 [FXGL Background Thread 3 ] DEBUG Engine               - is3D: false
10:12:48.940 [FXGL Background Thread 3 ] DEBUG Engine               - isAndroid: false
10:12:48.940 [FXGL Background Thread 3 ] DEBUG Engine               - isBrowser: false
10:12:48.940 [FXGL Background Thread 3 ] DEBUG Engine               - isClickFeedbackEnabled: false
10:12:48.940 [FXGL Background Thread 3 ] DEBUG Engine               - isCloseConfirmation: false
10:12:48.940 [FXGL Background Thread 3 ] DEBUG Engine               - isDesktop: true
10:12:48.940 [FXGL Background Thread 3 ] DEBUG Engine               - isDeveloperMenuEnabled: false
10:12:48.940 [FXGL Background Thread 3 ] DEBUG Engine               - isEmbedded: false
10:12:48.941 [FXGL Background Thread 3 ] DEBUG Engine               - isEntityPreloadEnabled: true
10:12:48.941 [FXGL Background Thread 3 ] DEBUG Engine               - isExperimentalTiledLargeMap: false
10:12:48.941 [FXGL Background Thread 3 ] DEBUG Engine               - isFileSystemWriteAllowed: true
10:12:48.941 [FXGL Background Thread 3 ] DEBUG Engine               - isFullScreenAllowed: false
10:12:48.941 [FXGL Background Thread 3 ] DEBUG Engine               - isFullScreenFromStart: false
10:12:48.941 [FXGL Background Thread 3 ] DEBUG Engine               - isGameMenuEnabled: true
10:12:48.941 [FXGL Background Thread 3 ] DEBUG Engine               - isIOS: false
10:12:48.941 [FXGL Background Thread 3 ] DEBUG Engine               - isIntroEnabled: false
10:12:48.941 [FXGL Background Thread 3 ] DEBUG Engine               - isLinux: false
10:12:48.941 [FXGL Background Thread 3 ] DEBUG Engine               - isMac: false
10:12:48.941 [FXGL Background Thread 3 ] DEBUG Engine               - isMainMenuEnabled: false
10:12:48.941 [FXGL Background Thread 3 ] DEBUG Engine               - isManualResizeEnabled: false
10:12:48.941 [FXGL Background Thread 3 ] DEBUG Engine               - isMobile: false
10:12:48.941 [FXGL Background Thread 3 ] DEBUG Engine               - isNative: false
10:12:48.941 [FXGL Background Thread 3 ] DEBUG Engine               - isPauseMusicWhenMinimized: true
10:12:48.941 [FXGL Background Thread 3 ] DEBUG Engine               - isPreserveResizeRatio: false
10:12:48.941 [FXGL Background Thread 3 ] DEBUG Engine               - isProfilingEnabled: false
10:12:48.941 [FXGL Background Thread 3 ] DEBUG Engine               - isScaleAffectedOnResize: true
10:12:48.941 [FXGL Background Thread 3 ] DEBUG Engine               - isSingleStep: false
10:12:48.941 [FXGL Background Thread 3 ] DEBUG Engine               - isUserProfileEnabled: false
10:12:48.941 [FXGL Background Thread 3 ] DEBUG Engine               - isWindows: true
10:12:48.941 [FXGL Background Thread 3 ] DEBUG Engine               - language: ObjectProperty [value: ENGLISH]
10:12:48.942 [FXGL Background Thread 3 ] DEBUG Engine               - menuKey: ESCAPE
10:12:48.942 [FXGL Background Thread 3 ] DEBUG Engine               - mouseSensitivity: 0.2
10:12:48.942 [FXGL Background Thread 3 ] DEBUG Engine               - notificationViewClass: class com.almasb.fxgl.notification.view.XboxNotificationView
10:12:48.942 [FXGL Background Thread 3 ] DEBUG Engine               - pixelsPerMeter: 50.0
10:12:48.942 [FXGL Background Thread 3 ] DEBUG Engine               - platform: WINDOWS
10:12:48.942 [FXGL Background Thread 3 ] DEBUG Engine               - prefHeightProperty: ReadOnlyDoubleProperty [value: 560.0]
10:12:48.942 [FXGL Background Thread 3 ] DEBUG Engine               - prefWidthProperty: ReadOnlyDoubleProperty [value: 848.0]
10:12:48.942 [FXGL Background Thread 3 ] DEBUG Engine               - profileDir: profiles/
10:12:48.942 [FXGL Background Thread 3 ] DEBUG Engine               - profileName: StringProperty [value: DEFAULT]
10:12:48.942 [FXGL Background Thread 3 ] DEBUG Engine               - randomSeed: -1
10:12:48.942 [FXGL Background Thread 3 ] DEBUG Engine               - runtimeInfo: RuntimeInfo(platform=WINDOWS, version=17.2, build=20.08.2022 16.50)
10:12:48.942 [FXGL Background Thread 3 ] DEBUG Engine               - saveFileExt: sav
10:12:48.942 [FXGL Background Thread 3 ] DEBUG Engine               - scaledHeightProp$fxgl: DoubleProperty [bound, value: 560.0]
10:12:48.942 [FXGL Background Thread 3 ] DEBUG Engine               - scaledWidthProp$fxgl: DoubleProperty [bound, value: 848.0]
10:12:48.942 [FXGL Background Thread 3 ] DEBUG Engine               - sceneFactory: com.almasb.fxgl.app.scene.SceneFactory@61d2205c
10:12:48.942 [FXGL Background Thread 3 ] DEBUG Engine               - secondsIn24h: 60
10:12:48.942 [FXGL Background Thread 3 ] DEBUG Engine               - soundMenuBack: menu/back.wav
10:12:48.942 [FXGL Background Thread 3 ] DEBUG Engine               - soundMenuPress: menu/press.wav
10:12:48.942 [FXGL Background Thread 3 ] DEBUG Engine               - soundMenuSelect: menu/select.wav
10:12:48.942 [FXGL Background Thread 3 ] DEBUG Engine               - soundNotification: core/notification.wav
10:12:48.942 [FXGL Background Thread 3 ] DEBUG Engine               - stageStyle: DECORATED
10:12:48.943 [FXGL Background Thread 3 ] DEBUG Engine               - supportedLanguages: [ENGLISH, FRENCH, GERMAN, HUNGARIAN, RUSSIAN]
10:12:48.943 [FXGL Background Thread 3 ] DEBUG Engine               - ticksPerSecond: -1
10:12:48.943 [FXGL Background Thread 3 ] DEBUG Engine               - title: Basic Game App
10:12:48.943 [FXGL Background Thread 3 ] DEBUG Engine               - urlGithub: https://github.com/AlmasB/FXGL
10:12:48.943 [FXGL Background Thread 3 ] DEBUG Engine               - urlLeaderboard: http://fxgl-top.herokuapp.com/
10:12:48.943 [FXGL Background Thread 3 ] DEBUG Engine               - urlPOM: https://raw.githubusercontent.com/AlmasB/FXGL/release/README.md
10:12:48.943 [FXGL Background Thread 3 ] DEBUG Engine               - userAppClass: class org.example.Main
10:12:48.943 [FXGL Background Thread 3 ] DEBUG Engine               - version: 0.0
10:12:48.943 [FXGL Background Thread 3 ] DEBUG Engine               - versionCheckDays: 7
10:12:48.943 [FXGL Background Thread 3 ] DEBUG Engine               - width: 848
10:12:48.943 [FXGL Background Thread 3 ] DEBUG Engine               - Logging services
10:12:48.943 [FXGL Background Thread 3 ] DEBUG Engine               - class com.almasb.fxgl.app.services.FXGLAssetLoaderService
10:12:48.943 [FXGL Background Thread 3 ] DEBUG Engine               - class com.almasb.fxgl.app.FXGLApplication$GameApplicationService
10:12:48.943 [FXGL Background Thread 3 ] DEBUG Engine               - class com.almasb.fxgl.app.services.FXGLDialogService
10:12:48.943 [FXGL Background Thread 3 ] DEBUG Engine               - class com.almasb.fxgl.app.services.IOTaskExecutorService
10:12:48.943 [FXGL Background Thread 3 ] DEBUG Engine               - class com.almasb.fxgl.io.FileSystemService
10:12:48.943 [FXGL Background Thread 3 ] DEBUG Engine               - class com.almasb.fxgl.localization.LocalizationService
10:12:48.943 [FXGL Background Thread 3 ] DEBUG Engine               - class com.almasb.fxgl.app.services.SystemBundleService
10:12:48.943 [FXGL Background Thread 3 ] DEBUG Engine               - class com.almasb.fxgl.profile.SaveLoadService
10:12:48.943 [FXGL Background Thread 3 ] DEBUG Engine               - class com.almasb.fxgl.ui.FXGLUIFactoryServiceProvider
10:12:48.943 [FXGL Background Thread 3 ] DEBUG Engine               - class com.almasb.fxgl.ui.FXGLDialogFactoryServiceProvider
10:12:48.943 [FXGL Background Thread 3 ] DEBUG Engine               - class com.almasb.fxgl.audio.AudioPlayer
10:12:48.943 [FXGL Background Thread 3 ] DEBUG Engine               - class com.almasb.fxgl.notification.impl.NotificationServiceProvider
10:12:48.944 [FXGL Background Thread 3 ] DEBUG Engine               - class com.almasb.fxgl.achievement.AchievementService
10:12:48.944 [FXGL Background Thread 3 ] DEBUG Engine               - class com.almasb.fxgl.cutscene.CutsceneService
10:12:48.944 [FXGL Background Thread 3 ] DEBUG Engine               - class com.almasb.fxgl.minigames.MiniGameService
10:12:48.944 [FXGL Background Thread 3 ] DEBUG Engine               - class com.almasb.fxgl.net.NetService
10:12:48.944 [FXGL Background Thread 3 ] DEBUG Engine               - class com.almasb.fxgl.app.services.UpdaterService
10:12:48.944 [FXGL Background Thread 3 ] DEBUG Engine               - class com.almasb.fxgl.dev.DevService
10:12:55.302 [JavaFX Application Thread] DEBUG FXGLApplication      - Exiting FXGL
10:12:55.302 [JavaFX Application Thread] DEBUG LoopRunner           - Stopping loop
10:12:55.303 [JavaFX Application Thread] DEBUG SystemBundleService  - Saving FXGL system data
10:12:55.306 [JavaFX Application Thread] DEBUG FileSystemAccess     - Writing to: C:\Users\david\OneDrive\Escritorio\concurrente\proyecto_concurrencia_simulador_restaurant\system\fxgl.bundle
10:12:55.307 [JavaFX Application Thread] DEBUG Async                - Shutting down background threads
10:12:55.308 [JavaFX Application Thread] DEBUG PrimaryStageWindow   - Closing main window
10:12:55.324 [JavaFX Application Thread] DEBUG Logger               - Closing Logger
