09:35:11.070 [main                     ] DEBUG Logger               - Configured Logger
09:35:11.111 [main                     ] DEBUG GameApplication      - Logging settings
Title: Basic Game App
Version: 0.0
Width: 848
Height: 560
Fullscreen: false
Intro: false
Profiling: false
Single step:false
App Mode: DEVELOPER
Menu Key: ESCAPE
Stage Style: DECORATED
Scene Factory: class com.almasb.fxgl.app.scene.SceneFactory

09:35:11.836 [JavaFX Application Thread] DEBUG FXGLApplication      - Initializing FXGL
09:35:11.845 [JavaFX Application Thread] INFO  Engine               - FXGL-17.2 (20.08.2022 16.50) on WINDOWS (J:17.0.6 FX:18)
09:35:11.845 [JavaFX Application Thread] DEBUG Engine               - JRE Vendor Name: Amazon.com Inc.
09:35:11.846 [JavaFX Application Thread] DEBUG Engine               - Running on OS: Windows 11 version 10.0
09:35:11.846 [JavaFX Application Thread] DEBUG Engine               - Architecture: amd64
09:35:11.846 [JavaFX Application Thread] INFO  Engine               - Source code and latest versions at: https://github.com/AlmasB/FXGL
09:35:11.846 [JavaFX Application Thread] INFO  Engine               -       Ask questions and discuss at: https://github.com/AlmasB/FXGL/discussions
09:35:11.846 [JavaFX Application Thread] INFO  Engine               -              Join the FXGL chat at: https://gitter.im/AlmasB/FXGL
09:35:11.977 [JavaFX Application Thread] DEBUG PrimaryStageWindow   - Creating a JavaFX scene
09:35:12.056 [JavaFX Application Thread] DEBUG PrimaryStageWindow   - Target settings size: 848.0 x 560.0
09:35:12.057 [JavaFX Application Thread] DEBUG PrimaryStageWindow   - Scaled scene size:    848.0 x 560.0
09:35:12.057 [JavaFX Application Thread] DEBUG PrimaryStageWindow   - Scaled ratio: (1.0, 1.0)
09:35:12.060 [JavaFX Application Thread] DEBUG PrimaryStageWindow   - Set initial scene to FXGLStartupScene
09:35:12.069 [JavaFX Application Thread] DEBUG PrimaryStageWindow   - Opening main window
09:35:12.180 [JavaFX Application Thread] DEBUG PrimaryStageWindow   - Window border size: (14.4000244140625, 37.5999755859375)
09:35:12.180 [JavaFX Application Thread] DEBUG PrimaryStageWindow   - Scaled size: 848.0 x 560.0
09:35:12.180 [JavaFX Application Thread] DEBUG PrimaryStageWindow   - Scaled ratio: (1.0, 1.0)
09:35:12.181 [JavaFX Application Thread] DEBUG PrimaryStageWindow   - Scene size: 848.0 x 560.0
09:35:12.181 [JavaFX Application Thread] DEBUG PrimaryStageWindow   - Stage size: 862.4000244140625 x 597.5999755859375
09:35:12.196 [FXGL Background Thread 1 ] DEBUG Engine               - Initializing environment variables
09:35:12.262 [FXGL Background Thread 1 ] DEBUG FXGLAssetLoaderServi - User app class for loading assets: class org.example.Main
09:35:12.263 [FXGL Background Thread 1 ] DEBUG GameApplicationServi - Applying CSS: fxgl_dark.css
09:35:12.264 [FXGL Background Thread 1 ] DEBUG FXGLAssetLoaderServi - Loading from file system: jar:file:/C:/Users/david/.m2/repository/com/github/almasb/fxgl/17.2/fxgl-17.2.jar!/fxglassets/ui/css/fxgl_dark.css
09:35:12.333 [FXGL Background Thread 1 ] DEBUG GameApplicationServi - Initializing application scenes
09:35:12.409 [FXGL Background Thread 1 ] DEBUG GameWorld            - Game world initialized
09:35:12.490 [FXGL Background Thread 1 ] DEBUG PhysicsWorld         - Physics world initialized: appHeight=560, physics.ppm=50.0
09:35:12.491 [FXGL Background Thread 1 ] DEBUG PhysicsWorld         - Using strategy: BRUTE_FORCE
09:35:12.502 [FXGL Background Thread 1 ] DEBUG GameScene            - Game scene initialized: 848x560
09:35:12.531 [FXGL Background Thread 1 ] WARN  FXGL.DefaultMenu     - FXGLDefaultMenu is not designed for resolutions < 800x600
09:35:12.532 [FXGL Background Thread 1 ] DEBUG FXGL.DefaultMenu     - createMenuBodyGameMenu()
09:35:12.556 [FXGL Background Thread 1 ] DEBUG FXGL.DefaultMenu     - createOptionsMenu()
09:35:12.570 [FXGL Background Thread 1 ] DEBUG FXGLAssetLoaderServi - Loading from file system: jar:file:/C:/Users/david/.m2/repository/com/github/almasb/fxgl/17.2/fxgl-17.2.jar!/fxglassets/textures/particles/smoke.png
09:35:12.682 [FXGL Background Thread 1 ] DEBUG FXGLAssetLoaderServi - Loading from file system: jar:file:/C:/Users/david/.m2/repository/com/github/almasb/fxgl/17.2/fxgl-17.2.jar!/fxglassets/textures/particles/trace_horizontal.png
09:35:12.717 [FXGL Background Thread 1 ] DEBUG GameApplicationServi - Application scenes initialized
09:35:12.741 [FXGL Background Thread 1 ] DEBUG SystemBundleService  - Loading FXGL system data
09:35:12.752 [FXGL Background Thread 1 ] DEBUG FileSystemAccess     - Reading from: C:\Users\david\OneDrive\Escritorio\concurrente\proyecto_concurrencia_simulador_restaurant\system\fxgl.bundle
09:35:12.762 [FXGL Background Thread 1 ] DEBUG SystemBundleService  - Bundle FXGL: {}
09:35:12.763 [FXGL Background Thread 1 ] DEBUG UpdaterService       - Checking for updates
09:35:12.770 [FXGL Background Thread 4 ] DEBUG FXGLApplication      - Loading fonts
09:35:12.770 [FXGL Background Thread 4 ] DEBUG FXGLAssetLoaderServi - Loading from file system: jar:file:/C:/Users/david/.m2/repository/com/github/almasb/fxgl/17.2/fxgl-17.2.jar!/fxglassets/ui/fonts/VarelaRound-Regular.ttf
09:35:12.771 [FXGL Background Thread 1 ] DEBUG FXGLApplication      - Loading default localization
09:35:12.772 [FXGL Background Thread 1 ] DEBUG FXGLAssetLoaderServi - Loading from file system: jar:file:/C:/Users/david/.m2/repository/com/github/almasb/fxgl/17.2/fxgl-17.2.jar!/fxglassets/languages/english.lang
09:35:12.804 [FXGL Background Thread 1 ] INFO  FXGLApplication      - FXGL initialization took: 0.608 sec
09:35:12.806 [JavaFX Application Thread] DEBUG FXGLAssetLoaderServi - Loading from file system: jar:file:/C:/Users/david/.m2/repository/com/github/almasb/fxgl/17.2/fxgl-17.2.jar!/fxglassets/textures/fxgl_icon.png
09:35:12.831 [JavaFX Application Thread] DEBUG FXGLAssetLoaderServi - Loading from file system: jar:file:/C:/Users/david/.m2/repository/com/github/almasb/fxgl/17.2/fxgl-17.2.jar!/fxglassets/textures/fxgl_default_cursor.png
09:35:12.854 [JavaFX Application Thread] DEBUG Input                - Registered new binding: Screenshot - CTRL+8
09:35:12.855 [JavaFX Application Thread] DEBUG Input                - Registered new binding: System info dump - CTRL+9
09:35:12.857 [JavaFX Application Thread] DEBUG Input                - Registered new binding: Restart - CTRL+R
09:35:12.859 [JavaFX Application Thread] DEBUG Input                - Registered new binding: Toggle Debug Camera - CTRL+7
09:35:12.866 [JavaFX Application Thread] DEBUG LoopRunner           - Starting loop
09:35:12.866 [JavaFX Application Thread] DEBUG LoopRunner           - Initializing JavaFX AnimationTimerLoop
09:35:12.870 [JavaFX Application Thread] DEBUG GameApplicationServi - Starting new game
09:35:12.871 [JavaFX Application Thread] DEBUG Input                - Clearing active input actions
09:35:12.885 [FXGL Background Thread 4 ] DEBUG FXGLAssetLoaderServi - Loading from file system: jar:file:/C:/Users/david/.m2/repository/com/github/almasb/fxgl/17.2/fxgl-17.2.jar!/fxglassets/ui/fonts/Abel-Regular.ttf
09:35:12.886 [JavaFX Application Thread] DEBUG GameApplicationServi - Removing overlay from FXGLStartupScene and adding to FXGLLoadingScene
09:35:12.886 [JavaFX Application Thread] DEBUG PrimaryStageWindow   - FXGLStartupScene -> FXGLLoadingScene
09:35:12.886 [JavaFX Application Thread] DEBUG GameApplicationServi - Clearing previous game
09:35:12.887 [JavaFX Application Thread] DEBUG GameScene            - Clearing game scene
09:35:12.887 [JavaFX Application Thread] DEBUG GameWorld            - Clearing game world
09:35:12.888 [JavaFX Application Thread] DEBUG PhysicsWorld         - Clearing physics world
09:35:12.890 [FXGL Background Thread 1 ] DEBUG FXGLApplication      - Initializing game
09:35:12.901 [FXGL Background Thread 1 ] WARN  FXGLAssetLoaderServi - Asset "/assets/textures/fondo.jpg" was not found!
09:35:12.902 [FXGL Background Thread 1 ] WARN  FXGLAssetLoaderServi - Failed to load IMAGE
09:35:12.907 [FXGL Background Thread 4 ] DEBUG FXGLAssetLoaderServi - Loading from file system: jar:file:/C:/Users/david/.m2/repository/com/github/almasb/fxgl/17.2/fxgl-17.2.jar!/fxglassets/ui/fonts/TerminalLandMono-Regular.otf
09:35:12.925 [FXGL Background Thread 4 ] DEBUG FXGLAssetLoaderServi - Loading from file system: jar:file:/C:/Users/david/.m2/repository/com/github/almasb/fxgl/17.2/fxgl-17.2.jar!/fxglassets/ui/fonts/Courier-Prime.ttf
09:35:13.107 [JavaFX Application Thread] DEBUG FXGLApplication      - Registering font factories with UI factory
09:35:13.122 [FXGL Background Thread 1 ] WARN  FXGLAssetLoaderServi - Asset "/assets/textures/Chef B Icon.png" was not found!
09:35:13.122 [FXGL Background Thread 1 ] WARN  FXGLAssetLoaderServi - Failed to load IMAGE
09:35:13.128 [FXGL Background Thread 1 ] WARN  FXGLAssetLoaderServi - Asset "/assets/textures/comensal.png" was not found!
09:35:13.128 [FXGL Background Thread 1 ] WARN  FXGLAssetLoaderServi - Failed to load IMAGE
09:35:13.130 [FXGL Background Thread 1 ] WARN  FXGLAssetLoaderServi - Asset "/assets/textures/comensal.png" was not found!
09:35:13.130 [FXGL Background Thread 1 ] WARN  FXGLAssetLoaderServi - Failed to load IMAGE
09:35:13.131 [FXGL Background Thread 1 ] WARN  FXGLAssetLoaderServi - Asset "/assets/textures/comensal.png" was not found!
09:35:13.131 [FXGL Background Thread 1 ] WARN  FXGLAssetLoaderServi - Failed to load IMAGE
09:35:13.132 [FXGL Background Thread 1 ] WARN  FXGLAssetLoaderServi - Asset "/assets/textures/comensal.png" was not found!
09:35:13.133 [FXGL Background Thread 1 ] WARN  FXGLAssetLoaderServi - Failed to load IMAGE
09:35:13.134 [FXGL Background Thread 1 ] WARN  FXGLAssetLoaderServi - Asset "/assets/textures/comensal.png" was not found!
09:35:13.134 [FXGL Background Thread 1 ] WARN  FXGLAssetLoaderServi - Failed to load IMAGE
09:35:13.136 [FXGL Background Thread 1 ] WARN  FXGLAssetLoaderServi - Asset "/assets/textures/comensal.png" was not found!
09:35:13.136 [FXGL Background Thread 1 ] WARN  FXGLAssetLoaderServi - Failed to load IMAGE
09:35:13.138 [FXGL Background Thread 1 ] WARN  FXGLAssetLoaderServi - Asset "/assets/textures/comensal.png" was not found!
09:35:13.138 [FXGL Background Thread 1 ] WARN  FXGLAssetLoaderServi - Failed to load IMAGE
09:35:13.139 [FXGL Background Thread 1 ] WARN  FXGLAssetLoaderServi - Asset "/assets/textures/comensal.png" was not found!
09:35:13.140 [FXGL Background Thread 1 ] WARN  FXGLAssetLoaderServi - Failed to load IMAGE
09:35:13.141 [FXGL Background Thread 1 ] WARN  FXGLAssetLoaderServi - Asset "/assets/textures/comensal.png" was not found!
09:35:13.141 [FXGL Background Thread 1 ] WARN  FXGLAssetLoaderServi - Failed to load IMAGE
09:35:13.142 [FXGL Background Thread 1 ] WARN  FXGLAssetLoaderServi - Asset "/assets/textures/comensal.png" was not found!
09:35:13.143 [FXGL Background Thread 1 ] WARN  FXGLAssetLoaderServi - Failed to load IMAGE
09:35:13.148 [FXGL Background Thread 1 ] WARN  FXGLAssetLoaderServi - Asset "/assets/textures/waiter.png" was not found!
09:35:13.148 [FXGL Background Thread 1 ] WARN  FXGLAssetLoaderServi - Failed to load IMAGE
09:35:13.156 [FXGL Background Thread 1 ] INFO  FXGLApplication      - Game initialization took: 0.265 sec
09:35:13.290 [JavaFX Application Thread] DEBUG Input                - Clearing active input actions
09:35:13.300 [JavaFX Application Thread] DEBUG GameApplicationServi - Removing overlay from FXGLLoadingScene and adding to GameScene
09:35:13.301 [JavaFX Application Thread] DEBUG PrimaryStageWindow   - FXGLLoadingScene -> GameScene
09:35:13.667 [FXGL Background Thread 2 ] INFO  UpdaterService       - Your current version:  17.2
09:35:13.668 [FXGL Background Thread 2 ] INFO  UpdaterService       - Latest stable version: 21.1
09:35:14.944 [JavaFX Application Thread] DEBUG FXGLApplication      - Exiting FXGL
09:35:14.944 [JavaFX Application Thread] DEBUG LoopRunner           - Stopping loop
09:35:14.945 [JavaFX Application Thread] DEBUG SystemBundleService  - Saving FXGL system data
09:35:14.947 [JavaFX Application Thread] DEBUG FileSystemAccess     - Writing to: C:\Users\david\OneDrive\Escritorio\concurrente\proyecto_concurrencia_simulador_restaurant\system\fxgl.bundle
09:35:14.949 [JavaFX Application Thread] DEBUG Async                - Shutting down background threads
09:35:14.949 [JavaFX Application Thread] DEBUG PrimaryStageWindow   - Closing main window
09:35:15.001 [JavaFX Application Thread] DEBUG Logger               - Closing Logger
