12:01:48.977 [main                     ] DEBUG Logger               - Configured Logger
12:01:49.015 [main                     ] DEBUG GameApplication      - Logging settings
Title: Basic Game App
Version: 0.0
Width: 848
Height: 560
Fullscreen: false
Intro: false
Profiling: false
Single step:false
App Mode: DEVELOPER
Menu Key: ESCAPE
Stage Style: DECORATED
Scene Factory: class com.almasb.fxgl.app.scene.SceneFactory

12:01:49.461 [JavaFX Application Thread] DEBUG FXGLApplication      - Initializing FXGL
12:01:49.466 [JavaFX Application Thread] INFO  Engine               - FXGL-17.2 (20.08.2022 16.50) on WINDOWS (J:17.0.6 FX:18)
12:01:49.466 [JavaFX Application Thread] DEBUG Engine               - JRE Vendor Name: Amazon.com Inc.
12:01:49.466 [JavaFX Application Thread] DEBUG Engine               - Running on OS: Windows 11 version 10.0
12:01:49.466 [JavaFX Application Thread] DEBUG Engine               - Architecture: amd64
12:01:49.466 [JavaFX Application Thread] INFO  Engine               - Source code and latest versions at: https://github.com/AlmasB/FXGL
12:01:49.467 [JavaFX Application Thread] INFO  Engine               -       Ask questions and discuss at: https://github.com/AlmasB/FXGL/discussions
12:01:49.467 [JavaFX Application Thread] INFO  Engine               -              Join the FXGL chat at: https://gitter.im/AlmasB/FXGL
12:01:49.588 [JavaFX Application Thread] DEBUG PrimaryStageWindow   - Creating a JavaFX scene
12:01:49.632 [JavaFX Application Thread] DEBUG PrimaryStageWindow   - Target settings size: 848.0 x 560.0
12:01:49.632 [JavaFX Application Thread] DEBUG PrimaryStageWindow   - Scaled scene size:    848.0 x 560.0
12:01:49.632 [JavaFX Application Thread] DEBUG PrimaryStageWindow   - Scaled ratio: (1.0, 1.0)
12:01:49.633 [JavaFX Application Thread] DEBUG PrimaryStageWindow   - Set initial scene to FXGLStartupScene
12:01:49.641 [JavaFX Application Thread] DEBUG PrimaryStageWindow   - Opening main window
12:01:49.735 [JavaFX Application Thread] DEBUG PrimaryStageWindow   - Window border size: (14.4000244140625, 37.5999755859375)
12:01:49.736 [JavaFX Application Thread] DEBUG PrimaryStageWindow   - Scaled size: 848.0 x 560.0
12:01:49.736 [JavaFX Application Thread] DEBUG PrimaryStageWindow   - Scaled ratio: (1.0, 1.0)
12:01:49.736 [JavaFX Application Thread] DEBUG PrimaryStageWindow   - Scene size: 848.0 x 560.0
12:01:49.736 [JavaFX Application Thread] DEBUG PrimaryStageWindow   - Stage size: 862.4000244140625 x 597.5999755859375
12:01:49.747 [FXGL Background Thread 1 ] DEBUG Engine               - Initializing environment variables
12:01:49.797 [FXGL Background Thread 1 ] DEBUG FXGLAssetLoaderServi - User app class for loading assets: class org.example.Main
12:01:49.798 [FXGL Background Thread 1 ] DEBUG GameApplicationServi - Applying CSS: fxgl_dark.css
12:01:49.799 [FXGL Background Thread 1 ] DEBUG FXGLAssetLoaderServi - Loading from file system: jar:file:/C:/Users/david/.m2/repository/com/github/almasb/fxgl/17.2/fxgl-17.2.jar!/fxglassets/ui/css/fxgl_dark.css
12:01:49.847 [FXGL Background Thread 1 ] DEBUG GameApplicationServi - Initializing application scenes
12:01:49.900 [FXGL Background Thread 1 ] DEBUG GameWorld            - Game world initialized
12:01:49.962 [FXGL Background Thread 1 ] DEBUG PhysicsWorld         - Physics world initialized: appHeight=560, physics.ppm=50.0
12:01:49.962 [FXGL Background Thread 1 ] DEBUG PhysicsWorld         - Using strategy: BRUTE_FORCE
12:01:49.966 [FXGL Background Thread 1 ] DEBUG GameScene            - Game scene initialized: 848x560
12:01:49.983 [FXGL Background Thread 1 ] WARN  FXGL.DefaultMenu     - FXGLDefaultMenu is not designed for resolutions < 800x600
12:01:49.983 [FXGL Background Thread 1 ] DEBUG FXGL.DefaultMenu     - createMenuBodyGameMenu()
12:01:50.008 [FXGL Background Thread 1 ] DEBUG FXGL.DefaultMenu     - createOptionsMenu()
12:01:50.021 [FXGL Background Thread 1 ] DEBUG FXGLAssetLoaderServi - Loading from file system: jar:file:/C:/Users/david/.m2/repository/com/github/almasb/fxgl/17.2/fxgl-17.2.jar!/fxglassets/textures/particles/smoke.png
12:01:50.115 [FXGL Background Thread 1 ] DEBUG FXGLAssetLoaderServi - Loading from file system: jar:file:/C:/Users/david/.m2/repository/com/github/almasb/fxgl/17.2/fxgl-17.2.jar!/fxglassets/textures/particles/trace_horizontal.png
12:01:50.143 [FXGL Background Thread 1 ] DEBUG GameApplicationServi - Application scenes initialized
12:01:50.157 [FXGL Background Thread 1 ] DEBUG SystemBundleService  - Loading FXGL system data
12:01:50.164 [FXGL Background Thread 1 ] DEBUG FileSystemAccess     - Reading from: C:\Users\david\OneDrive\Escritorio\concurrente\proyecto_concurrencia_simulador_restaurant\system\fxgl.bundle
12:01:50.172 [FXGL Background Thread 1 ] DEBUG SystemBundleService  - Bundle FXGL: {}
12:01:50.172 [FXGL Background Thread 1 ] DEBUG UpdaterService       - Checking for updates
12:01:50.177 [FXGL Background Thread 4 ] DEBUG FXGLApplication      - Loading fonts
12:01:50.177 [FXGL Background Thread 4 ] DEBUG FXGLAssetLoaderServi - Loading from file system: jar:file:/C:/Users/david/.m2/repository/com/github/almasb/fxgl/17.2/fxgl-17.2.jar!/fxglassets/ui/fonts/VarelaRound-Regular.ttf
12:01:50.177 [FXGL Background Thread 1 ] DEBUG FXGLApplication      - Loading default localization
12:01:50.178 [FXGL Background Thread 1 ] DEBUG FXGLAssetLoaderServi - Loading from file system: jar:file:/C:/Users/david/.m2/repository/com/github/almasb/fxgl/17.2/fxgl-17.2.jar!/fxglassets/languages/english.lang
12:01:50.198 [FXGL Background Thread 1 ] INFO  FXGLApplication      - FXGL initialization took: 0.450 sec
12:01:50.200 [JavaFX Application Thread] DEBUG FXGLAssetLoaderServi - Loading from file system: jar:file:/C:/Users/david/.m2/repository/com/github/almasb/fxgl/17.2/fxgl-17.2.jar!/fxglassets/textures/fxgl_icon.png
12:01:50.219 [JavaFX Application Thread] DEBUG FXGLAssetLoaderServi - Loading from file system: jar:file:/C:/Users/david/.m2/repository/com/github/almasb/fxgl/17.2/fxgl-17.2.jar!/fxglassets/textures/fxgl_default_cursor.png
12:01:50.233 [JavaFX Application Thread] DEBUG Input                - Registered new binding: Screenshot - CTRL+8
12:01:50.234 [JavaFX Application Thread] DEBUG Input                - Registered new binding: System info dump - CTRL+9
12:01:50.234 [JavaFX Application Thread] DEBUG Input                - Registered new binding: Restart - CTRL+R
12:01:50.235 [JavaFX Application Thread] DEBUG Input                - Registered new binding: Toggle Debug Camera - CTRL+7
12:01:50.239 [JavaFX Application Thread] DEBUG LoopRunner           - Starting loop
12:01:50.239 [JavaFX Application Thread] DEBUG LoopRunner           - Initializing JavaFX AnimationTimerLoop
12:01:50.241 [JavaFX Application Thread] DEBUG GameApplicationServi - Starting new game
12:01:50.242 [JavaFX Application Thread] DEBUG Input                - Clearing active input actions
12:01:50.251 [JavaFX Application Thread] DEBUG GameApplicationServi - Removing overlay from FXGLStartupScene and adding to FXGLLoadingScene
12:01:50.252 [FXGL Background Thread 4 ] DEBUG FXGLAssetLoaderServi - Loading from file system: jar:file:/C:/Users/david/.m2/repository/com/github/almasb/fxgl/17.2/fxgl-17.2.jar!/fxglassets/ui/fonts/Abel-Regular.ttf
12:01:50.252 [JavaFX Application Thread] DEBUG PrimaryStageWindow   - FXGLStartupScene -> FXGLLoadingScene
12:01:50.252 [JavaFX Application Thread] DEBUG GameApplicationServi - Clearing previous game
12:01:50.252 [JavaFX Application Thread] DEBUG GameScene            - Clearing game scene
12:01:50.252 [JavaFX Application Thread] DEBUG GameWorld            - Clearing game world
12:01:50.253 [JavaFX Application Thread] DEBUG PhysicsWorld         - Clearing physics world
12:01:50.255 [FXGL Background Thread 1 ] DEBUG FXGLApplication      - Initializing game
12:01:50.273 [FXGL Background Thread 4 ] DEBUG FXGLAssetLoaderServi - Loading from file system: jar:file:/C:/Users/david/.m2/repository/com/github/almasb/fxgl/17.2/fxgl-17.2.jar!/fxglassets/ui/fonts/TerminalLandMono-Regular.otf
12:01:50.291 [FXGL Background Thread 1 ] DEBUG FXGLAssetLoaderServi - Loading from file system: file:/C:/Users/david/OneDrive/Escritorio/concurrente/proyecto_concurrencia_simulador_restaurant/target/classes/assets/textures/fondo.jpg
12:01:50.293 [FXGL Background Thread 4 ] DEBUG FXGLAssetLoaderServi - Loading from file system: jar:file:/C:/Users/david/.m2/repository/com/github/almasb/fxgl/17.2/fxgl-17.2.jar!/fxglassets/ui/fonts/Courier-Prime.ttf
12:01:50.320 [FXGL Background Thread 1 ] DEBUG FXGLAssetLoaderServi - Loading from file system: file:/C:/Users/david/OneDrive/Escritorio/concurrente/proyecto_concurrencia_simulador_restaurant/target/classes/assets/textures/Chef%20B%20Icon.png
12:01:50.332 [JavaFX Application Thread] DEBUG FXGLApplication      - Registering font factories with UI factory
12:01:50.352 [FXGL Background Thread 1 ] DEBUG FXGLAssetLoaderServi - Loading from file system: file:/C:/Users/david/OneDrive/Escritorio/concurrente/proyecto_concurrencia_simulador_restaurant/target/classes/assets/textures/comensal.png
12:01:50.359 [FXGL Background Thread 1 ] DEBUG FXGLAssetLoaderServi - Loading from file system: file:/C:/Users/david/OneDrive/Escritorio/concurrente/proyecto_concurrencia_simulador_restaurant/target/classes/assets/textures/waiter.png
12:01:50.406 [FXGL Background Thread 1 ] INFO  FXGLApplication      - Game initialization took: 0.152 sec
12:01:50.422 [JavaFX Application Thread] DEBUG Input                - Clearing active input actions
12:01:50.430 [JavaFX Application Thread] DEBUG GameApplicationServi - Removing overlay from FXGLLoadingScene and adding to GameScene
12:01:50.431 [JavaFX Application Thread] DEBUG PrimaryStageWindow   - FXGLLoadingScene -> GameScene
12:01:50.789 [FXGL Background Thread 2 ] INFO  UpdaterService       - Your current version:  17.2
12:01:50.790 [FXGL Background Thread 2 ] INFO  UpdaterService       - Latest stable version: 21.1
12:01:53.175 [FXGL Background Thread 3 ] DEBUG Engine               - Logging environment variables
12:01:53.177 [FXGL Background Thread 3 ] DEBUG Engine               - achievements: []
12:01:53.178 [FXGL Background Thread 3 ] DEBUG Engine               - actualHeight: 560.0
12:01:53.178 [FXGL Background Thread 3 ] DEBUG Engine               - actualHeightProperty: ReadOnlyDoubleProperty [value: 560.0]
12:01:53.178 [FXGL Background Thread 3 ] DEBUG Engine               - actualWidth: 848.0
12:01:53.178 [FXGL Background Thread 3 ] DEBUG Engine               - actualWidthProperty: ReadOnlyDoubleProperty [value: 848.0]
12:01:53.178 [FXGL Background Thread 3 ] DEBUG Engine               - appIcon: fxgl_icon.png
12:01:53.179 [FXGL Background Thread 3 ] DEBUG Engine               - applicationMode: DEVELOPER
12:01:53.179 [FXGL Background Thread 3 ] DEBUG Engine               - cSSList: [fxgl_dark.css]
12:01:53.179 [FXGL Background Thread 3 ] DEBUG Engine               - collisionDetectionStrategy: BRUTE_FORCE
12:01:53.179 [FXGL Background Thread 3 ] DEBUG Engine               - configClass: Optional.empty
12:01:53.179 [FXGL Background Thread 3 ] DEBUG Engine               - credits: []
12:01:53.180 [FXGL Background Thread 3 ] DEBUG Engine               - defaultCursor: CursorInfo(imageName=fxgl_default_cursor.png, hotspotX=7.0, hotspotY=6.0)
12:01:53.180 [FXGL Background Thread 3 ] DEBUG Engine               - devBBoxColorProperty: ObjectProperty [value: 0xff0000ff]
12:01:53.181 [FXGL Background Thread 3 ] DEBUG Engine               - devEnableDebugCameraProperty: BooleanProperty [value: false]
12:01:53.181 [FXGL Background Thread 3 ] DEBUG Engine               - devSensorColorProperty: ObjectProperty [value: 0xffff00ff]
12:01:53.181 [FXGL Background Thread 3 ] DEBUG Engine               - devShowBBoxProperty: BooleanProperty [value: false]
12:01:53.181 [FXGL Background Thread 3 ] DEBUG Engine               - devShowPositionProperty: BooleanProperty [value: false]
12:01:53.181 [FXGL Background Thread 3 ] DEBUG Engine               - enabledMenuItems: []
12:01:53.181 [FXGL Background Thread 3 ] DEBUG Engine               - engineServices: [class com.almasb.fxgl.app.services.FXGLAssetLoaderService, class com.almasb.fxgl.app.FXGLApplication$GameApplicationService, class com.almasb.fxgl.app.services.FXGLDialogService, class com.almasb.fxgl.app.services.IOTaskExecutorService, class com.almasb.fxgl.io.FileSystemService, class com.almasb.fxgl.localization.LocalizationService, class com.almasb.fxgl.app.services.SystemBundleService, class com.almasb.fxgl.profile.SaveLoadService, class com.almasb.fxgl.ui.FXGLUIFactoryServiceProvider, class com.almasb.fxgl.ui.FXGLDialogFactoryServiceProvider, class com.almasb.fxgl.audio.AudioPlayer, class com.almasb.fxgl.notification.impl.NotificationServiceProvider, class com.almasb.fxgl.achievement.AchievementService, class com.almasb.fxgl.cutscene.CutsceneService, class com.almasb.fxgl.minigames.MiniGameService, class com.almasb.fxgl.net.NetService, class com.almasb.fxgl.app.services.UpdaterService, class com.almasb.fxgl.dev.DevService]
12:01:53.181 [FXGL Background Thread 3 ] DEBUG Engine               - fontGame: Abel-Regular.ttf
12:01:53.181 [FXGL Background Thread 3 ] DEBUG Engine               - fontMono: TerminalLandMono-Regular.otf
12:01:53.182 [FXGL Background Thread 3 ] DEBUG Engine               - fontText: Courier-Prime.ttf
12:01:53.182 [FXGL Background Thread 3 ] DEBUG Engine               - fontUI: VarelaRound-Regular.ttf
12:01:53.182 [FXGL Background Thread 3 ] DEBUG Engine               - fullScreen: BooleanProperty [value: false]
12:01:53.182 [FXGL Background Thread 3 ] DEBUG Engine               - gameDifficulty: MEDIUM
12:01:53.182 [FXGL Background Thread 3 ] DEBUG Engine               - gameDifficultyProperty: ObjectProperty [value: MEDIUM]
12:01:53.182 [FXGL Background Thread 3 ] DEBUG Engine               - globalMusicVolume: 0.5
12:01:53.182 [FXGL Background Thread 3 ] DEBUG Engine               - globalMusicVolumeProperty: DoubleProperty [value: 0.5]
12:01:53.182 [FXGL Background Thread 3 ] DEBUG Engine               - globalSoundVolume: 0.5
12:01:53.183 [FXGL Background Thread 3 ] DEBUG Engine               - globalSoundVolumeProperty: DoubleProperty [value: 0.5]
12:01:53.183 [FXGL Background Thread 3 ] DEBUG Engine               - height: 560
12:01:53.183 [FXGL Background Thread 3 ] DEBUG Engine               - is3D: false
12:01:53.183 [FXGL Background Thread 3 ] DEBUG Engine               - isAndroid: false
12:01:53.183 [FXGL Background Thread 3 ] DEBUG Engine               - isBrowser: false
12:01:53.183 [FXGL Background Thread 3 ] DEBUG Engine               - isClickFeedbackEnabled: false
12:01:53.183 [FXGL Background Thread 3 ] DEBUG Engine               - isCloseConfirmation: false
12:01:53.183 [FXGL Background Thread 3 ] DEBUG Engine               - isDesktop: true
12:01:53.183 [FXGL Background Thread 3 ] DEBUG Engine               - isDeveloperMenuEnabled: false
12:01:53.183 [FXGL Background Thread 3 ] DEBUG Engine               - isEmbedded: false
12:01:53.183 [FXGL Background Thread 3 ] DEBUG Engine               - isEntityPreloadEnabled: true
12:01:53.183 [FXGL Background Thread 3 ] DEBUG Engine               - isExperimentalTiledLargeMap: false
12:01:53.184 [FXGL Background Thread 3 ] DEBUG Engine               - isFileSystemWriteAllowed: true
12:01:53.184 [FXGL Background Thread 3 ] DEBUG Engine               - isFullScreenAllowed: false
12:01:53.184 [FXGL Background Thread 3 ] DEBUG Engine               - isFullScreenFromStart: false
12:01:53.184 [FXGL Background Thread 3 ] DEBUG Engine               - isGameMenuEnabled: true
12:01:53.184 [FXGL Background Thread 3 ] DEBUG Engine               - isIOS: false
12:01:53.184 [FXGL Background Thread 3 ] DEBUG Engine               - isIntroEnabled: false
12:01:53.184 [FXGL Background Thread 3 ] DEBUG Engine               - isLinux: false
12:01:53.184 [FXGL Background Thread 3 ] DEBUG Engine               - isMac: false
12:01:53.184 [FXGL Background Thread 3 ] DEBUG Engine               - isMainMenuEnabled: false
12:01:53.184 [FXGL Background Thread 3 ] DEBUG Engine               - isManualResizeEnabled: false
12:01:53.184 [FXGL Background Thread 3 ] DEBUG Engine               - isMobile: false
12:01:53.184 [FXGL Background Thread 3 ] DEBUG Engine               - isNative: false
12:01:53.184 [FXGL Background Thread 3 ] DEBUG Engine               - isPauseMusicWhenMinimized: true
12:01:53.184 [FXGL Background Thread 3 ] DEBUG Engine               - isPreserveResizeRatio: false
12:01:53.184 [FXGL Background Thread 3 ] DEBUG Engine               - isProfilingEnabled: false
12:01:53.184 [FXGL Background Thread 3 ] DEBUG Engine               - isScaleAffectedOnResize: true
12:01:53.184 [FXGL Background Thread 3 ] DEBUG Engine               - isSingleStep: false
12:01:53.184 [FXGL Background Thread 3 ] DEBUG Engine               - isUserProfileEnabled: false
12:01:53.185 [FXGL Background Thread 3 ] DEBUG Engine               - isWindows: true
12:01:53.185 [FXGL Background Thread 3 ] DEBUG Engine               - language: ObjectProperty [value: ENGLISH]
12:01:53.185 [FXGL Background Thread 3 ] DEBUG Engine               - menuKey: ESCAPE
12:01:53.185 [FXGL Background Thread 3 ] DEBUG Engine               - mouseSensitivity: 0.2
12:01:53.185 [FXGL Background Thread 3 ] DEBUG Engine               - notificationViewClass: class com.almasb.fxgl.notification.view.XboxNotificationView
12:01:53.185 [FXGL Background Thread 3 ] DEBUG Engine               - pixelsPerMeter: 50.0
12:01:53.185 [FXGL Background Thread 3 ] DEBUG Engine               - platform: WINDOWS
12:01:53.185 [FXGL Background Thread 3 ] DEBUG Engine               - prefHeightProperty: ReadOnlyDoubleProperty [value: 560.0]
12:01:53.185 [FXGL Background Thread 3 ] DEBUG Engine               - prefWidthProperty: ReadOnlyDoubleProperty [value: 848.0]
12:01:53.185 [FXGL Background Thread 3 ] DEBUG Engine               - profileDir: profiles/
12:01:53.185 [FXGL Background Thread 3 ] DEBUG Engine               - profileName: StringProperty [value: DEFAULT]
12:01:53.185 [FXGL Background Thread 3 ] DEBUG Engine               - randomSeed: -1
12:01:53.185 [FXGL Background Thread 3 ] DEBUG Engine               - runtimeInfo: RuntimeInfo(platform=WINDOWS, version=17.2, build=20.08.2022 16.50)
12:01:53.185 [FXGL Background Thread 3 ] DEBUG Engine               - saveFileExt: sav
12:01:53.185 [FXGL Background Thread 3 ] DEBUG Engine               - scaledHeightProp$fxgl: DoubleProperty [bound, value: 560.0]
12:01:53.185 [FXGL Background Thread 3 ] DEBUG Engine               - scaledWidthProp$fxgl: DoubleProperty [bound, value: 848.0]
12:01:53.186 [FXGL Background Thread 3 ] DEBUG Engine               - sceneFactory: com.almasb.fxgl.app.scene.SceneFactory@568ee92f
12:01:53.186 [FXGL Background Thread 3 ] DEBUG Engine               - secondsIn24h: 60
12:01:53.186 [FXGL Background Thread 3 ] DEBUG Engine               - soundMenuBack: menu/back.wav
12:01:53.186 [FXGL Background Thread 3 ] DEBUG Engine               - soundMenuPress: menu/press.wav
12:01:53.186 [FXGL Background Thread 3 ] DEBUG Engine               - soundMenuSelect: menu/select.wav
12:01:53.186 [FXGL Background Thread 3 ] DEBUG Engine               - soundNotification: core/notification.wav
12:01:53.186 [FXGL Background Thread 3 ] DEBUG Engine               - stageStyle: DECORATED
12:01:53.186 [FXGL Background Thread 3 ] DEBUG Engine               - supportedLanguages: [ENGLISH, FRENCH, GERMAN, HUNGARIAN, RUSSIAN]
12:01:53.186 [FXGL Background Thread 3 ] DEBUG Engine               - ticksPerSecond: -1
12:01:53.186 [FXGL Background Thread 3 ] DEBUG Engine               - title: Basic Game App
12:01:53.186 [FXGL Background Thread 3 ] DEBUG Engine               - urlGithub: https://github.com/AlmasB/FXGL
12:01:53.186 [FXGL Background Thread 3 ] DEBUG Engine               - urlLeaderboard: http://fxgl-top.herokuapp.com/
12:01:53.186 [FXGL Background Thread 3 ] DEBUG Engine               - urlPOM: https://raw.githubusercontent.com/AlmasB/FXGL/release/README.md
12:01:53.186 [FXGL Background Thread 3 ] DEBUG Engine               - userAppClass: class org.example.Main
12:01:53.186 [FXGL Background Thread 3 ] DEBUG Engine               - version: 0.0
12:01:53.186 [FXGL Background Thread 3 ] DEBUG Engine               - versionCheckDays: 7
12:01:53.186 [FXGL Background Thread 3 ] DEBUG Engine               - width: 848
12:01:53.186 [FXGL Background Thread 3 ] DEBUG Engine               - Logging services
12:01:53.186 [FXGL Background Thread 3 ] DEBUG Engine               - class com.almasb.fxgl.app.services.FXGLAssetLoaderService
12:01:53.187 [FXGL Background Thread 3 ] DEBUG Engine               - class com.almasb.fxgl.app.FXGLApplication$GameApplicationService
12:01:53.187 [FXGL Background Thread 3 ] DEBUG Engine               - class com.almasb.fxgl.app.services.FXGLDialogService
12:01:53.187 [FXGL Background Thread 3 ] DEBUG Engine               - class com.almasb.fxgl.app.services.IOTaskExecutorService
12:01:53.187 [FXGL Background Thread 3 ] DEBUG Engine               - class com.almasb.fxgl.io.FileSystemService
12:01:53.187 [FXGL Background Thread 3 ] DEBUG Engine               - class com.almasb.fxgl.localization.LocalizationService
12:01:53.187 [FXGL Background Thread 3 ] DEBUG Engine               - class com.almasb.fxgl.app.services.SystemBundleService
12:01:53.187 [FXGL Background Thread 3 ] DEBUG Engine               - class com.almasb.fxgl.profile.SaveLoadService
12:01:53.187 [FXGL Background Thread 3 ] DEBUG Engine               - class com.almasb.fxgl.ui.FXGLUIFactoryServiceProvider
12:01:53.187 [FXGL Background Thread 3 ] DEBUG Engine               - class com.almasb.fxgl.ui.FXGLDialogFactoryServiceProvider
12:01:53.187 [FXGL Background Thread 3 ] DEBUG Engine               - class com.almasb.fxgl.audio.AudioPlayer
12:01:53.187 [FXGL Background Thread 3 ] DEBUG Engine               - class com.almasb.fxgl.notification.impl.NotificationServiceProvider
12:01:53.187 [FXGL Background Thread 3 ] DEBUG Engine               - class com.almasb.fxgl.achievement.AchievementService
12:01:53.187 [FXGL Background Thread 3 ] DEBUG Engine               - class com.almasb.fxgl.cutscene.CutsceneService
12:01:53.187 [FXGL Background Thread 3 ] DEBUG Engine               - class com.almasb.fxgl.minigames.MiniGameService
12:01:53.187 [FXGL Background Thread 3 ] DEBUG Engine               - class com.almasb.fxgl.net.NetService
12:01:53.187 [FXGL Background Thread 3 ] DEBUG Engine               - class com.almasb.fxgl.app.services.UpdaterService
12:01:53.187 [FXGL Background Thread 3 ] DEBUG Engine               - class com.almasb.fxgl.dev.DevService
12:03:01.531 [JavaFX Application Thread] DEBUG FXGLApplication      - Exiting FXGL
12:03:01.531 [JavaFX Application Thread] DEBUG LoopRunner           - Stopping loop
12:03:01.531 [JavaFX Application Thread] DEBUG SystemBundleService  - Saving FXGL system data
12:03:01.546 [JavaFX Application Thread] DEBUG FileSystemAccess     - Writing to: C:\Users\david\OneDrive\Escritorio\concurrente\proyecto_concurrencia_simulador_restaurant\system\fxgl.bundle
12:03:01.548 [JavaFX Application Thread] DEBUG Async                - Shutting down background threads
12:03:01.548 [JavaFX Application Thread] DEBUG PrimaryStageWindow   - Closing main window
12:03:01.564 [JavaFX Application Thread] DEBUG Logger               - Closing Logger
