09:40:10.226 [main                     ] DEBUG Logger               - Configured Logger
09:40:10.250 [main                     ] DEBUG GameApplication      - Logging settings
Title: Basic Game App
Version: 0.0
Width: 848
Height: 560
Fullscreen: false
Intro: false
Profiling: false
Single step:false
App Mode: DEVELOPER
Menu Key: ESCAPE
Stage Style: DECORATED
Scene Factory: class com.almasb.fxgl.app.scene.SceneFactory

09:40:10.587 [JavaFX Application Thread] DEBUG FXGLApplication      - Initializing FXGL
09:40:10.592 [JavaFX Application Thread] INFO  Engine               - FXGL-17.2 (20.08.2022 16.50) on WINDOWS (J:17.0.6 FX:18)
09:40:10.593 [JavaFX Application Thread] DEBUG Engine               - JRE Vendor Name: Amazon.com Inc.
09:40:10.593 [JavaFX Application Thread] DEBUG Engine               - Running on OS: Windows 11 version 10.0
09:40:10.593 [JavaFX Application Thread] DEBUG Engine               - Architecture: amd64
09:40:10.593 [JavaFX Application Thread] INFO  Engine               - Source code and latest versions at: https://github.com/AlmasB/FXGL
09:40:10.593 [JavaFX Application Thread] INFO  Engine               -       Ask questions and discuss at: https://github.com/AlmasB/FXGL/discussions
09:40:10.593 [JavaFX Application Thread] INFO  Engine               -              Join the FXGL chat at: https://gitter.im/AlmasB/FXGL
09:40:10.703 [JavaFX Application Thread] DEBUG PrimaryStageWindow   - Creating a JavaFX scene
09:40:10.745 [JavaFX Application Thread] DEBUG PrimaryStageWindow   - Target settings size: 848.0 x 560.0
09:40:10.746 [JavaFX Application Thread] DEBUG PrimaryStageWindow   - Scaled scene size:    848.0 x 560.0
09:40:10.746 [JavaFX Application Thread] DEBUG PrimaryStageWindow   - Scaled ratio: (1.0, 1.0)
09:40:10.747 [JavaFX Application Thread] DEBUG PrimaryStageWindow   - Set initial scene to FXGLStartupScene
09:40:10.754 [JavaFX Application Thread] DEBUG PrimaryStageWindow   - Opening main window
09:40:10.855 [JavaFX Application Thread] DEBUG PrimaryStageWindow   - Window border size: (14.4000244140625, 37.5999755859375)
09:40:10.856 [JavaFX Application Thread] DEBUG PrimaryStageWindow   - Scaled size: 848.0 x 560.0
09:40:10.857 [JavaFX Application Thread] DEBUG PrimaryStageWindow   - Scaled ratio: (1.0, 1.0)
09:40:10.857 [JavaFX Application Thread] DEBUG PrimaryStageWindow   - Scene size: 848.0 x 560.0
09:40:10.858 [JavaFX Application Thread] DEBUG PrimaryStageWindow   - Stage size: 862.4000244140625 x 597.5999755859375
09:40:10.876 [FXGL Background Thread 1 ] DEBUG Engine               - Initializing environment variables
09:40:10.930 [FXGL Background Thread 1 ] DEBUG FXGLAssetLoaderServi - User app class for loading assets: class org.example.Main
09:40:10.930 [FXGL Background Thread 1 ] DEBUG GameApplicationServi - Applying CSS: fxgl_dark.css
09:40:10.932 [FXGL Background Thread 1 ] DEBUG FXGLAssetLoaderServi - Loading from file system: jar:file:/C:/Users/david/.m2/repository/com/github/almasb/fxgl/17.2/fxgl-17.2.jar!/fxglassets/ui/css/fxgl_dark.css
09:40:10.984 [FXGL Background Thread 1 ] DEBUG GameApplicationServi - Initializing application scenes
09:40:11.050 [FXGL Background Thread 1 ] DEBUG GameWorld            - Game world initialized
09:40:11.118 [FXGL Background Thread 1 ] DEBUG PhysicsWorld         - Physics world initialized: appHeight=560, physics.ppm=50.0
09:40:11.119 [FXGL Background Thread 1 ] DEBUG PhysicsWorld         - Using strategy: BRUTE_FORCE
09:40:11.124 [FXGL Background Thread 1 ] DEBUG GameScene            - Game scene initialized: 848x560
09:40:11.142 [FXGL Background Thread 1 ] WARN  FXGL.DefaultMenu     - FXGLDefaultMenu is not designed for resolutions < 800x600
09:40:11.143 [FXGL Background Thread 1 ] DEBUG FXGL.DefaultMenu     - createMenuBodyGameMenu()
09:40:11.163 [FXGL Background Thread 1 ] DEBUG FXGL.DefaultMenu     - createOptionsMenu()
09:40:11.174 [FXGL Background Thread 1 ] DEBUG FXGLAssetLoaderServi - Loading from file system: jar:file:/C:/Users/david/.m2/repository/com/github/almasb/fxgl/17.2/fxgl-17.2.jar!/fxglassets/textures/particles/smoke.png
09:40:11.250 [FXGL Background Thread 1 ] DEBUG FXGLAssetLoaderServi - Loading from file system: jar:file:/C:/Users/david/.m2/repository/com/github/almasb/fxgl/17.2/fxgl-17.2.jar!/fxglassets/textures/particles/trace_horizontal.png
09:40:11.275 [FXGL Background Thread 1 ] DEBUG GameApplicationServi - Application scenes initialized
09:40:11.285 [FXGL Background Thread 1 ] DEBUG SystemBundleService  - Loading FXGL system data
09:40:11.291 [FXGL Background Thread 1 ] DEBUG FileSystemAccess     - Reading from: C:\Users\david\OneDrive\Escritorio\concurrente\proyecto_concurrencia_simulador_restaurant\system\fxgl.bundle
09:40:11.295 [FXGL Background Thread 1 ] DEBUG SystemBundleService  - Bundle FXGL: {}
09:40:11.295 [FXGL Background Thread 1 ] DEBUG UpdaterService       - Checking for updates
09:40:11.300 [FXGL Background Thread 4 ] DEBUG FXGLApplication      - Loading fonts
09:40:11.300 [FXGL Background Thread 4 ] DEBUG FXGLAssetLoaderServi - Loading from file system: jar:file:/C:/Users/david/.m2/repository/com/github/almasb/fxgl/17.2/fxgl-17.2.jar!/fxglassets/ui/fonts/VarelaRound-Regular.ttf
09:40:11.300 [FXGL Background Thread 1 ] DEBUG FXGLApplication      - Loading default localization
09:40:11.301 [FXGL Background Thread 1 ] DEBUG FXGLAssetLoaderServi - Loading from file system: jar:file:/C:/Users/david/.m2/repository/com/github/almasb/fxgl/17.2/fxgl-17.2.jar!/fxglassets/languages/english.lang
09:40:11.318 [FXGL Background Thread 1 ] INFO  FXGLApplication      - FXGL initialization took: 0.441 sec
09:40:11.319 [JavaFX Application Thread] DEBUG FXGLAssetLoaderServi - Loading from file system: jar:file:/C:/Users/david/.m2/repository/com/github/almasb/fxgl/17.2/fxgl-17.2.jar!/fxglassets/textures/fxgl_icon.png
09:40:11.337 [JavaFX Application Thread] DEBUG FXGLAssetLoaderServi - Loading from file system: jar:file:/C:/Users/david/.m2/repository/com/github/almasb/fxgl/17.2/fxgl-17.2.jar!/fxglassets/textures/fxgl_default_cursor.png
09:40:11.354 [JavaFX Application Thread] DEBUG Input                - Registered new binding: Screenshot - CTRL+8
09:40:11.357 [JavaFX Application Thread] DEBUG Input                - Registered new binding: System info dump - CTRL+9
09:40:11.358 [JavaFX Application Thread] DEBUG Input                - Registered new binding: Restart - CTRL+R
09:40:11.361 [JavaFX Application Thread] DEBUG Input                - Registered new binding: Toggle Debug Camera - CTRL+7
09:40:11.366 [JavaFX Application Thread] DEBUG LoopRunner           - Starting loop
09:40:11.366 [JavaFX Application Thread] DEBUG LoopRunner           - Initializing JavaFX AnimationTimerLoop
09:40:11.369 [JavaFX Application Thread] DEBUG GameApplicationServi - Starting new game
09:40:11.370 [JavaFX Application Thread] DEBUG Input                - Clearing active input actions
09:40:11.377 [FXGL Background Thread 4 ] DEBUG FXGLAssetLoaderServi - Loading from file system: jar:file:/C:/Users/david/.m2/repository/com/github/almasb/fxgl/17.2/fxgl-17.2.jar!/fxglassets/ui/fonts/Abel-Regular.ttf
09:40:11.381 [JavaFX Application Thread] DEBUG GameApplicationServi - Removing overlay from FXGLStartupScene and adding to FXGLLoadingScene
09:40:11.381 [JavaFX Application Thread] DEBUG PrimaryStageWindow   - FXGLStartupScene -> FXGLLoadingScene
09:40:11.381 [JavaFX Application Thread] DEBUG GameApplicationServi - Clearing previous game
09:40:11.381 [JavaFX Application Thread] DEBUG GameScene            - Clearing game scene
09:40:11.381 [JavaFX Application Thread] DEBUG GameWorld            - Clearing game world
09:40:11.382 [JavaFX Application Thread] DEBUG PhysicsWorld         - Clearing physics world
09:40:11.384 [FXGL Background Thread 1 ] DEBUG FXGLApplication      - Initializing game
09:40:11.398 [FXGL Background Thread 4 ] DEBUG FXGLAssetLoaderServi - Loading from file system: jar:file:/C:/Users/david/.m2/repository/com/github/almasb/fxgl/17.2/fxgl-17.2.jar!/fxglassets/ui/fonts/TerminalLandMono-Regular.otf
09:40:11.411 [FXGL Background Thread 1 ] DEBUG FXGLAssetLoaderServi - Loading from file system: file:/C:/Users/david/OneDrive/Escritorio/concurrente/proyecto_concurrencia_simulador_restaurant/target/classes/assets/textures/fondo.jpg
09:40:11.416 [FXGL Background Thread 4 ] DEBUG FXGLAssetLoaderServi - Loading from file system: jar:file:/C:/Users/david/.m2/repository/com/github/almasb/fxgl/17.2/fxgl-17.2.jar!/fxglassets/ui/fonts/Courier-Prime.ttf
09:40:11.438 [FXGL Background Thread 1 ] DEBUG FXGLAssetLoaderServi - Loading from file system: file:/C:/Users/david/OneDrive/Escritorio/concurrente/proyecto_concurrencia_simulador_restaurant/target/classes/assets/textures/Chef%20B%20Icon.png
09:40:11.461 [FXGL Background Thread 1 ] DEBUG FXGLAssetLoaderServi - Loading from file system: file:/C:/Users/david/OneDrive/Escritorio/concurrente/proyecto_concurrencia_simulador_restaurant/target/classes/assets/textures/comensal.png
09:40:11.474 [FXGL Background Thread 1 ] DEBUG FXGLAssetLoaderServi - Loading from file system: file:/C:/Users/david/OneDrive/Escritorio/concurrente/proyecto_concurrencia_simulador_restaurant/target/classes/assets/textures/waiter.png
09:40:11.479 [JavaFX Application Thread] DEBUG FXGLApplication      - Registering font factories with UI factory
09:40:11.511 [FXGL Background Thread 1 ] INFO  FXGLApplication      - Game initialization took: 0.127 sec
09:40:11.599 [JavaFX Application Thread] DEBUG Input                - Clearing active input actions
09:40:11.606 [JavaFX Application Thread] DEBUG GameApplicationServi - Removing overlay from FXGLLoadingScene and adding to GameScene
09:40:11.606 [JavaFX Application Thread] DEBUG PrimaryStageWindow   - FXGLLoadingScene -> GameScene
09:40:11.874 [FXGL Background Thread 2 ] INFO  UpdaterService       - Your current version:  17.2
09:40:11.874 [FXGL Background Thread 2 ] INFO  UpdaterService       - Latest stable version: 21.1
09:40:14.298 [FXGL Background Thread 3 ] DEBUG Engine               - Logging environment variables
09:40:14.298 [FXGL Background Thread 3 ] DEBUG Engine               - achievements: []
09:40:14.298 [FXGL Background Thread 3 ] DEBUG Engine               - actualHeight: 560.0
09:40:14.298 [FXGL Background Thread 3 ] DEBUG Engine               - actualHeightProperty: ReadOnlyDoubleProperty [value: 560.0]
09:40:14.298 [FXGL Background Thread 3 ] DEBUG Engine               - actualWidth: 848.0
09:40:14.298 [FXGL Background Thread 3 ] DEBUG Engine               - actualWidthProperty: ReadOnlyDoubleProperty [value: 848.0]
09:40:14.298 [FXGL Background Thread 3 ] DEBUG Engine               - appIcon: fxgl_icon.png
09:40:14.299 [FXGL Background Thread 3 ] DEBUG Engine               - applicationMode: DEVELOPER
09:40:14.299 [FXGL Background Thread 3 ] DEBUG Engine               - cSSList: [fxgl_dark.css]
09:40:14.299 [FXGL Background Thread 3 ] DEBUG Engine               - collisionDetectionStrategy: BRUTE_FORCE
09:40:14.299 [FXGL Background Thread 3 ] DEBUG Engine               - configClass: Optional.empty
09:40:14.299 [FXGL Background Thread 3 ] DEBUG Engine               - credits: []
09:40:14.299 [FXGL Background Thread 3 ] DEBUG Engine               - defaultCursor: CursorInfo(imageName=fxgl_default_cursor.png, hotspotX=7.0, hotspotY=6.0)
09:40:14.299 [FXGL Background Thread 3 ] DEBUG Engine               - devBBoxColorProperty: ObjectProperty [value: 0xff0000ff]
09:40:14.299 [FXGL Background Thread 3 ] DEBUG Engine               - devEnableDebugCameraProperty: BooleanProperty [value: false]
09:40:14.299 [FXGL Background Thread 3 ] DEBUG Engine               - devSensorColorProperty: ObjectProperty [value: 0xffff00ff]
09:40:14.299 [FXGL Background Thread 3 ] DEBUG Engine               - devShowBBoxProperty: BooleanProperty [value: false]
09:40:14.300 [FXGL Background Thread 3 ] DEBUG Engine               - devShowPositionProperty: BooleanProperty [value: false]
09:40:14.300 [FXGL Background Thread 3 ] DEBUG Engine               - enabledMenuItems: []
09:40:14.300 [FXGL Background Thread 3 ] DEBUG Engine               - engineServices: [class com.almasb.fxgl.app.services.FXGLAssetLoaderService, class com.almasb.fxgl.app.FXGLApplication$GameApplicationService, class com.almasb.fxgl.app.services.FXGLDialogService, class com.almasb.fxgl.app.services.IOTaskExecutorService, class com.almasb.fxgl.io.FileSystemService, class com.almasb.fxgl.localization.LocalizationService, class com.almasb.fxgl.app.services.SystemBundleService, class com.almasb.fxgl.profile.SaveLoadService, class com.almasb.fxgl.ui.FXGLUIFactoryServiceProvider, class com.almasb.fxgl.ui.FXGLDialogFactoryServiceProvider, class com.almasb.fxgl.audio.AudioPlayer, class com.almasb.fxgl.notification.impl.NotificationServiceProvider, class com.almasb.fxgl.achievement.AchievementService, class com.almasb.fxgl.cutscene.CutsceneService, class com.almasb.fxgl.minigames.MiniGameService, class com.almasb.fxgl.net.NetService, class com.almasb.fxgl.app.services.UpdaterService, class com.almasb.fxgl.dev.DevService]
09:40:14.300 [FXGL Background Thread 3 ] DEBUG Engine               - fontGame: Abel-Regular.ttf
09:40:14.300 [FXGL Background Thread 3 ] DEBUG Engine               - fontMono: TerminalLandMono-Regular.otf
09:40:14.300 [FXGL Background Thread 3 ] DEBUG Engine               - fontText: Courier-Prime.ttf
09:40:14.300 [FXGL Background Thread 3 ] DEBUG Engine               - fontUI: VarelaRound-Regular.ttf
09:40:14.300 [FXGL Background Thread 3 ] DEBUG Engine               - fullScreen: BooleanProperty [value: false]
09:40:14.300 [FXGL Background Thread 3 ] DEBUG Engine               - gameDifficulty: MEDIUM
09:40:14.300 [FXGL Background Thread 3 ] DEBUG Engine               - gameDifficultyProperty: ObjectProperty [value: MEDIUM]
09:40:14.300 [FXGL Background Thread 3 ] DEBUG Engine               - globalMusicVolume: 0.5
09:40:14.300 [FXGL Background Thread 3 ] DEBUG Engine               - globalMusicVolumeProperty: DoubleProperty [value: 0.5]
09:40:14.300 [FXGL Background Thread 3 ] DEBUG Engine               - globalSoundVolume: 0.5
09:40:14.300 [FXGL Background Thread 3 ] DEBUG Engine               - globalSoundVolumeProperty: DoubleProperty [value: 0.5]
09:40:14.300 [FXGL Background Thread 3 ] DEBUG Engine               - height: 560
09:40:14.300 [FXGL Background Thread 3 ] DEBUG Engine               - is3D: false
09:40:14.300 [FXGL Background Thread 3 ] DEBUG Engine               - isAndroid: false
09:40:14.300 [FXGL Background Thread 3 ] DEBUG Engine               - isBrowser: false
09:40:14.300 [FXGL Background Thread 3 ] DEBUG Engine               - isClickFeedbackEnabled: false
09:40:14.300 [FXGL Background Thread 3 ] DEBUG Engine               - isCloseConfirmation: false
09:40:14.300 [FXGL Background Thread 3 ] DEBUG Engine               - isDesktop: true
09:40:14.301 [FXGL Background Thread 3 ] DEBUG Engine               - isDeveloperMenuEnabled: false
09:40:14.301 [FXGL Background Thread 3 ] DEBUG Engine               - isEmbedded: false
09:40:14.301 [FXGL Background Thread 3 ] DEBUG Engine               - isEntityPreloadEnabled: true
09:40:14.301 [FXGL Background Thread 3 ] DEBUG Engine               - isExperimentalTiledLargeMap: false
09:40:14.301 [FXGL Background Thread 3 ] DEBUG Engine               - isFileSystemWriteAllowed: true
09:40:14.301 [FXGL Background Thread 3 ] DEBUG Engine               - isFullScreenAllowed: false
09:40:14.301 [FXGL Background Thread 3 ] DEBUG Engine               - isFullScreenFromStart: false
09:40:14.301 [FXGL Background Thread 3 ] DEBUG Engine               - isGameMenuEnabled: true
09:40:14.301 [FXGL Background Thread 3 ] DEBUG Engine               - isIOS: false
09:40:14.301 [FXGL Background Thread 3 ] DEBUG Engine               - isIntroEnabled: false
09:40:14.301 [FXGL Background Thread 3 ] DEBUG Engine               - isLinux: false
09:40:14.301 [FXGL Background Thread 3 ] DEBUG Engine               - isMac: false
09:40:14.301 [FXGL Background Thread 3 ] DEBUG Engine               - isMainMenuEnabled: false
09:40:14.301 [FXGL Background Thread 3 ] DEBUG Engine               - isManualResizeEnabled: false
09:40:14.301 [FXGL Background Thread 3 ] DEBUG Engine               - isMobile: false
09:40:14.301 [FXGL Background Thread 3 ] DEBUG Engine               - isNative: false
09:40:14.301 [FXGL Background Thread 3 ] DEBUG Engine               - isPauseMusicWhenMinimized: true
09:40:14.301 [FXGL Background Thread 3 ] DEBUG Engine               - isPreserveResizeRatio: false
09:40:14.302 [FXGL Background Thread 3 ] DEBUG Engine               - isProfilingEnabled: false
09:40:14.302 [FXGL Background Thread 3 ] DEBUG Engine               - isScaleAffectedOnResize: true
09:40:14.302 [FXGL Background Thread 3 ] DEBUG Engine               - isSingleStep: false
09:40:14.302 [FXGL Background Thread 3 ] DEBUG Engine               - isUserProfileEnabled: false
09:40:14.302 [FXGL Background Thread 3 ] DEBUG Engine               - isWindows: true
09:40:14.302 [FXGL Background Thread 3 ] DEBUG Engine               - language: ObjectProperty [value: ENGLISH]
09:40:14.302 [FXGL Background Thread 3 ] DEBUG Engine               - menuKey: ESCAPE
09:40:14.302 [FXGL Background Thread 3 ] DEBUG Engine               - mouseSensitivity: 0.2
09:40:14.302 [FXGL Background Thread 3 ] DEBUG Engine               - notificationViewClass: class com.almasb.fxgl.notification.view.XboxNotificationView
09:40:14.302 [FXGL Background Thread 3 ] DEBUG Engine               - pixelsPerMeter: 50.0
09:40:14.302 [FXGL Background Thread 3 ] DEBUG Engine               - platform: WINDOWS
09:40:14.302 [FXGL Background Thread 3 ] DEBUG Engine               - prefHeightProperty: ReadOnlyDoubleProperty [value: 560.0]
09:40:14.302 [FXGL Background Thread 3 ] DEBUG Engine               - prefWidthProperty: ReadOnlyDoubleProperty [value: 848.0]
09:40:14.302 [FXGL Background Thread 3 ] DEBUG Engine               - profileDir: profiles/
09:40:14.302 [FXGL Background Thread 3 ] DEBUG Engine               - profileName: StringProperty [value: DEFAULT]
09:40:14.302 [FXGL Background Thread 3 ] DEBUG Engine               - randomSeed: -1
09:40:14.302 [FXGL Background Thread 3 ] DEBUG Engine               - runtimeInfo: RuntimeInfo(platform=WINDOWS, version=17.2, build=20.08.2022 16.50)
09:40:14.302 [FXGL Background Thread 3 ] DEBUG Engine               - saveFileExt: sav
09:40:14.302 [FXGL Background Thread 3 ] DEBUG Engine               - scaledHeightProp$fxgl: DoubleProperty [bound, value: 560.0]
09:40:14.303 [FXGL Background Thread 3 ] DEBUG Engine               - scaledWidthProp$fxgl: DoubleProperty [bound, value: 848.0]
09:40:14.303 [FXGL Background Thread 3 ] DEBUG Engine               - sceneFactory: com.almasb.fxgl.app.scene.SceneFactory@3f275e29
09:40:14.303 [FXGL Background Thread 3 ] DEBUG Engine               - secondsIn24h: 60
09:40:14.303 [FXGL Background Thread 3 ] DEBUG Engine               - soundMenuBack: menu/back.wav
09:40:14.303 [FXGL Background Thread 3 ] DEBUG Engine               - soundMenuPress: menu/press.wav
09:40:14.303 [FXGL Background Thread 3 ] DEBUG Engine               - soundMenuSelect: menu/select.wav
09:40:14.303 [FXGL Background Thread 3 ] DEBUG Engine               - soundNotification: core/notification.wav
09:40:14.303 [FXGL Background Thread 3 ] DEBUG Engine               - stageStyle: DECORATED
09:40:14.303 [FXGL Background Thread 3 ] DEBUG Engine               - supportedLanguages: [ENGLISH, FRENCH, GERMAN, HUNGARIAN, RUSSIAN]
09:40:14.303 [FXGL Background Thread 3 ] DEBUG Engine               - ticksPerSecond: -1
09:40:14.303 [FXGL Background Thread 3 ] DEBUG Engine               - title: Basic Game App
09:40:14.303 [FXGL Background Thread 3 ] DEBUG Engine               - urlGithub: https://github.com/AlmasB/FXGL
09:40:14.303 [FXGL Background Thread 3 ] DEBUG Engine               - urlLeaderboard: http://fxgl-top.herokuapp.com/
09:40:14.303 [FXGL Background Thread 3 ] DEBUG Engine               - urlPOM: https://raw.githubusercontent.com/AlmasB/FXGL/release/README.md
09:40:14.303 [FXGL Background Thread 3 ] DEBUG Engine               - userAppClass: class org.example.Main
09:40:14.303 [FXGL Background Thread 3 ] DEBUG Engine               - version: 0.0
09:40:14.303 [FXGL Background Thread 3 ] DEBUG Engine               - versionCheckDays: 7
09:40:14.303 [FXGL Background Thread 3 ] DEBUG Engine               - width: 848
09:40:14.303 [FXGL Background Thread 3 ] DEBUG Engine               - Logging services
09:40:14.303 [FXGL Background Thread 3 ] DEBUG Engine               - class com.almasb.fxgl.app.services.FXGLAssetLoaderService
09:40:14.303 [FXGL Background Thread 3 ] DEBUG Engine               - class com.almasb.fxgl.app.FXGLApplication$GameApplicationService
09:40:14.303 [FXGL Background Thread 3 ] DEBUG Engine               - class com.almasb.fxgl.app.services.FXGLDialogService
09:40:14.303 [FXGL Background Thread 3 ] DEBUG Engine               - class com.almasb.fxgl.app.services.IOTaskExecutorService
09:40:14.303 [FXGL Background Thread 3 ] DEBUG Engine               - class com.almasb.fxgl.io.FileSystemService
09:40:14.303 [FXGL Background Thread 3 ] DEBUG Engine               - class com.almasb.fxgl.localization.LocalizationService
09:40:14.303 [FXGL Background Thread 3 ] DEBUG Engine               - class com.almasb.fxgl.app.services.SystemBundleService
09:40:14.304 [FXGL Background Thread 3 ] DEBUG Engine               - class com.almasb.fxgl.profile.SaveLoadService
09:40:14.304 [FXGL Background Thread 3 ] DEBUG Engine               - class com.almasb.fxgl.ui.FXGLUIFactoryServiceProvider
09:40:14.304 [FXGL Background Thread 3 ] DEBUG Engine               - class com.almasb.fxgl.ui.FXGLDialogFactoryServiceProvider
09:40:14.304 [FXGL Background Thread 3 ] DEBUG Engine               - class com.almasb.fxgl.audio.AudioPlayer
09:40:14.304 [FXGL Background Thread 3 ] DEBUG Engine               - class com.almasb.fxgl.notification.impl.NotificationServiceProvider
09:40:14.304 [FXGL Background Thread 3 ] DEBUG Engine               - class com.almasb.fxgl.achievement.AchievementService
09:40:14.304 [FXGL Background Thread 3 ] DEBUG Engine               - class com.almasb.fxgl.cutscene.CutsceneService
09:40:14.304 [FXGL Background Thread 3 ] DEBUG Engine               - class com.almasb.fxgl.minigames.MiniGameService
09:40:14.304 [FXGL Background Thread 3 ] DEBUG Engine               - class com.almasb.fxgl.net.NetService
09:40:14.304 [FXGL Background Thread 3 ] DEBUG Engine               - class com.almasb.fxgl.app.services.UpdaterService
09:40:14.304 [FXGL Background Thread 3 ] DEBUG Engine               - class com.almasb.fxgl.dev.DevService
09:40:22.687 [JavaFX Application Thread] DEBUG FXGLApplication      - Exiting FXGL
09:40:22.687 [JavaFX Application Thread] DEBUG LoopRunner           - Stopping loop
09:40:22.687 [JavaFX Application Thread] DEBUG SystemBundleService  - Saving FXGL system data
09:40:22.689 [JavaFX Application Thread] DEBUG FileSystemAccess     - Writing to: C:\Users\david\OneDrive\Escritorio\concurrente\proyecto_concurrencia_simulador_restaurant\system\fxgl.bundle
09:40:22.690 [JavaFX Application Thread] DEBUG Async                - Shutting down background threads
09:40:22.690 [JavaFX Application Thread] DEBUG PrimaryStageWindow   - Closing main window
09:40:22.705 [JavaFX Application Thread] DEBUG Logger               - Closing Logger
