00:33:07.955 [main                     ] DEBUG Logger               - Configured Logger
00:33:07.982 [main                     ] DEBUG GameApplication      - Logging settings
Title: Basic Game App
Version: 0.0
Width: 848
Height: 560
Fullscreen: false
Intro: false
Profiling: false
Single step:false
App Mode: DEVELOPER
Menu Key: ESCAPE
Stage Style: DECORATED
Scene Factory: class com.almasb.fxgl.app.scene.SceneFactory

00:33:08.597 [JavaFX Application Thread] DEBUG FXGLApplication      - Initializing FXGL
00:33:08.606 [JavaFX Application Thread] INFO  Engine               - FXGL-17.2 (20.08.2022 16.50) on WINDOWS (J:17.0.6 FX:18)
00:33:08.607 [JavaFX Application Thread] DEBUG Engine               - JRE Vendor Name: Amazon.com Inc.
00:33:08.607 [JavaFX Application Thread] DEBUG Engine               - Running on OS: Windows 11 version 10.0
00:33:08.607 [JavaFX Application Thread] DEBUG Engine               - Architecture: amd64
00:33:08.607 [JavaFX Application Thread] INFO  Engine               - Source code and latest versions at: https://github.com/AlmasB/FXGL
00:33:08.608 [JavaFX Application Thread] INFO  Engine               -       Ask questions and discuss at: https://github.com/AlmasB/FXGL/discussions
00:33:08.608 [JavaFX Application Thread] INFO  Engine               -              Join the FXGL chat at: https://gitter.im/AlmasB/FXGL
00:33:08.786 [JavaFX Application Thread] DEBUG PrimaryStageWindow   - Creating a JavaFX scene
00:33:08.841 [JavaFX Application Thread] DEBUG PrimaryStageWindow   - Target settings size: 848.0 x 560.0
00:33:08.841 [JavaFX Application Thread] DEBUG PrimaryStageWindow   - Scaled scene size:    848.0 x 560.0
00:33:08.841 [JavaFX Application Thread] DEBUG PrimaryStageWindow   - Scaled ratio: (1.0, 1.0)
00:33:08.842 [JavaFX Application Thread] DEBUG PrimaryStageWindow   - Set initial scene to FXGLStartupScene
00:33:08.852 [JavaFX Application Thread] DEBUG PrimaryStageWindow   - Opening main window
00:33:08.984 [JavaFX Application Thread] DEBUG PrimaryStageWindow   - Window border size: (14.4000244140625, 37.5999755859375)
00:33:08.986 [JavaFX Application Thread] DEBUG PrimaryStageWindow   - Scaled size: 848.0 x 560.0
00:33:08.987 [JavaFX Application Thread] DEBUG PrimaryStageWindow   - Scaled ratio: (1.0, 1.0)
00:33:08.988 [JavaFX Application Thread] DEBUG PrimaryStageWindow   - Scene size: 848.0 x 560.0
00:33:08.988 [JavaFX Application Thread] DEBUG PrimaryStageWindow   - Stage size: 862.4000244140625 x 597.5999755859375
00:33:09.009 [FXGL Background Thread 1 ] DEBUG Engine               - Initializing environment variables
00:33:09.071 [FXGL Background Thread 1 ] DEBUG FXGLAssetLoaderServi - User app class for loading assets: class org.example.Main
00:33:09.072 [FXGL Background Thread 1 ] DEBUG GameApplicationServi - Applying CSS: fxgl_dark.css
00:33:09.073 [FXGL Background Thread 1 ] DEBUG FXGLAssetLoaderServi - Loading from file system: jar:file:/C:/Users/david/.m2/repository/com/github/almasb/fxgl/17.2/fxgl-17.2.jar!/fxglassets/ui/css/fxgl_dark.css
00:33:09.153 [FXGL Background Thread 1 ] DEBUG GameApplicationServi - Initializing application scenes
00:33:09.274 [FXGL Background Thread 1 ] DEBUG GameWorld            - Game world initialized
00:33:09.374 [FXGL Background Thread 1 ] DEBUG PhysicsWorld         - Physics world initialized: appHeight=560, physics.ppm=50.0
00:33:09.375 [FXGL Background Thread 1 ] DEBUG PhysicsWorld         - Using strategy: BRUTE_FORCE
00:33:09.385 [FXGL Background Thread 1 ] DEBUG GameScene            - Game scene initialized: 848x560
00:33:09.411 [FXGL Background Thread 1 ] WARN  FXGL.DefaultMenu     - FXGLDefaultMenu is not designed for resolutions < 800x600
00:33:09.411 [FXGL Background Thread 1 ] DEBUG FXGL.DefaultMenu     - createMenuBodyGameMenu()
00:33:09.444 [FXGL Background Thread 1 ] DEBUG FXGL.DefaultMenu     - createOptionsMenu()
00:33:09.463 [FXGL Background Thread 1 ] DEBUG FXGLAssetLoaderServi - Loading from file system: jar:file:/C:/Users/david/.m2/repository/com/github/almasb/fxgl/17.2/fxgl-17.2.jar!/fxglassets/textures/particles/smoke.png
00:33:09.599 [FXGL Background Thread 1 ] DEBUG FXGLAssetLoaderServi - Loading from file system: jar:file:/C:/Users/david/.m2/repository/com/github/almasb/fxgl/17.2/fxgl-17.2.jar!/fxglassets/textures/particles/trace_horizontal.png
00:33:09.641 [FXGL Background Thread 1 ] DEBUG GameApplicationServi - Application scenes initialized
00:33:09.667 [FXGL Background Thread 1 ] DEBUG SystemBundleService  - Loading FXGL system data
00:33:09.681 [FXGL Background Thread 1 ] DEBUG FileSystemAccess     - Reading from: C:\Users\david\OneDrive\Escritorio\concurrente\proyecto_concurrencia_simulador_restaurant\system\fxgl.bundle
00:33:09.688 [FXGL Background Thread 1 ] DEBUG SystemBundleService  - Bundle FXGL: {}
00:33:09.689 [FXGL Background Thread 1 ] DEBUG UpdaterService       - Checking for updates
00:33:09.693 [FXGL Background Thread 4 ] DEBUG FXGLApplication      - Loading fonts
00:33:09.694 [FXGL Background Thread 1 ] DEBUG FXGLApplication      - Loading default localization
00:33:09.694 [FXGL Background Thread 4 ] DEBUG FXGLAssetLoaderServi - Loading from file system: jar:file:/C:/Users/david/.m2/repository/com/github/almasb/fxgl/17.2/fxgl-17.2.jar!/fxglassets/ui/fonts/VarelaRound-Regular.ttf
00:33:09.695 [FXGL Background Thread 1 ] DEBUG FXGLAssetLoaderServi - Loading from file system: jar:file:/C:/Users/david/.m2/repository/com/github/almasb/fxgl/17.2/fxgl-17.2.jar!/fxglassets/languages/english.lang
00:33:09.715 [FXGL Background Thread 1 ] INFO  FXGLApplication      - FXGL initialization took: 0.705 sec
00:33:09.716 [JavaFX Application Thread] DEBUG FXGLAssetLoaderServi - Loading from file system: jar:file:/C:/Users/david/.m2/repository/com/github/almasb/fxgl/17.2/fxgl-17.2.jar!/fxglassets/textures/fxgl_icon.png
00:33:09.737 [JavaFX Application Thread] DEBUG FXGLAssetLoaderServi - Loading from file system: jar:file:/C:/Users/david/.m2/repository/com/github/almasb/fxgl/17.2/fxgl-17.2.jar!/fxglassets/textures/fxgl_default_cursor.png
00:33:09.752 [JavaFX Application Thread] DEBUG Input                - Registered new binding: Screenshot - CTRL+8
00:33:09.752 [JavaFX Application Thread] DEBUG Input                - Registered new binding: System info dump - CTRL+9
00:33:09.753 [JavaFX Application Thread] DEBUG Input                - Registered new binding: Restart - CTRL+R
00:33:09.754 [JavaFX Application Thread] DEBUG Input                - Registered new binding: Toggle Debug Camera - CTRL+7
00:33:09.760 [JavaFX Application Thread] DEBUG LoopRunner           - Starting loop
00:33:09.760 [JavaFX Application Thread] DEBUG LoopRunner           - Initializing JavaFX AnimationTimerLoop
00:33:09.763 [JavaFX Application Thread] DEBUG GameApplicationServi - Starting new game
00:33:09.764 [JavaFX Application Thread] DEBUG Input                - Clearing active input actions
00:33:09.777 [FXGL Background Thread 4 ] DEBUG FXGLAssetLoaderServi - Loading from file system: jar:file:/C:/Users/david/.m2/repository/com/github/almasb/fxgl/17.2/fxgl-17.2.jar!/fxglassets/ui/fonts/Abel-Regular.ttf
00:33:09.777 [JavaFX Application Thread] DEBUG GameApplicationServi - Removing overlay from FXGLStartupScene and adding to FXGLLoadingScene
00:33:09.778 [JavaFX Application Thread] DEBUG PrimaryStageWindow   - FXGLStartupScene -> FXGLLoadingScene
00:33:09.778 [JavaFX Application Thread] DEBUG GameApplicationServi - Clearing previous game
00:33:09.778 [JavaFX Application Thread] DEBUG GameScene            - Clearing game scene
00:33:09.778 [JavaFX Application Thread] DEBUG GameWorld            - Clearing game world
00:33:09.778 [JavaFX Application Thread] DEBUG PhysicsWorld         - Clearing physics world
00:33:09.783 [FXGL Background Thread 1 ] DEBUG FXGLApplication      - Initializing game
00:33:09.792 [FXGL Background Thread 1 ] DEBUG FXGLAssetLoaderServi - Loading from file system: file:/C:/Users/david/OneDrive/Escritorio/concurrente/proyecto_concurrencia_simulador_restaurant/target/classes/assets/textures/fondo.jpg
00:33:09.808 [FXGL Background Thread 4 ] DEBUG FXGLAssetLoaderServi - Loading from file system: jar:file:/C:/Users/david/.m2/repository/com/github/almasb/fxgl/17.2/fxgl-17.2.jar!/fxglassets/ui/fonts/TerminalLandMono-Regular.otf
00:33:09.834 [FXGL Background Thread 1 ] DEBUG FXGLAssetLoaderServi - Loading from file system: file:/C:/Users/david/OneDrive/Escritorio/concurrente/proyecto_concurrencia_simulador_restaurant/target/classes/assets/textures/Chef%20B%20Icon.png
00:33:09.837 [FXGL Background Thread 4 ] DEBUG FXGLAssetLoaderServi - Loading from file system: jar:file:/C:/Users/david/.m2/repository/com/github/almasb/fxgl/17.2/fxgl-17.2.jar!/fxglassets/ui/fonts/Courier-Prime.ttf
00:33:09.864 [FXGL Background Thread 1 ] DEBUG FXGLAssetLoaderServi - Loading from file system: file:/C:/Users/david/OneDrive/Escritorio/concurrente/proyecto_concurrencia_simulador_restaurant/target/classes/assets/textures/comensal.png
00:33:09.878 [FXGL Background Thread 1 ] DEBUG FXGLAssetLoaderServi - Loading from file system: file:/C:/Users/david/OneDrive/Escritorio/concurrente/proyecto_concurrencia_simulador_restaurant/target/classes/assets/textures/waiter.png
00:33:09.900 [JavaFX Application Thread] DEBUG FXGLApplication      - Registering font factories with UI factory
00:33:09.910 [FXGL Background Thread 1 ] INFO  FXGLApplication      - Game initialization took: 0.127 sec
00:33:10.016 [JavaFX Application Thread] DEBUG Input                - Clearing active input actions
00:33:10.025 [JavaFX Application Thread] DEBUG GameApplicationServi - Removing overlay from FXGLLoadingScene and adding to GameScene
00:33:10.026 [JavaFX Application Thread] DEBUG PrimaryStageWindow   - FXGLLoadingScene -> GameScene
00:33:10.303 [FXGL Background Thread 2 ] INFO  UpdaterService       - Your current version:  17.2
00:33:10.303 [FXGL Background Thread 2 ] INFO  UpdaterService       - Latest stable version: 21.1
00:33:12.692 [FXGL Background Thread 3 ] DEBUG Engine               - Logging environment variables
00:33:12.693 [FXGL Background Thread 3 ] DEBUG Engine               - achievements: []
00:33:12.693 [FXGL Background Thread 3 ] DEBUG Engine               - actualHeight: 560.0
00:33:12.693 [FXGL Background Thread 3 ] DEBUG Engine               - actualHeightProperty: ReadOnlyDoubleProperty [value: 560.0]
00:33:12.693 [FXGL Background Thread 3 ] DEBUG Engine               - actualWidth: 848.0
00:33:12.693 [FXGL Background Thread 3 ] DEBUG Engine               - actualWidthProperty: ReadOnlyDoubleProperty [value: 848.0]
00:33:12.693 [FXGL Background Thread 3 ] DEBUG Engine               - appIcon: fxgl_icon.png
00:33:12.694 [FXGL Background Thread 3 ] DEBUG Engine               - applicationMode: DEVELOPER
00:33:12.694 [FXGL Background Thread 3 ] DEBUG Engine               - cSSList: [fxgl_dark.css]
00:33:12.694 [FXGL Background Thread 3 ] DEBUG Engine               - collisionDetectionStrategy: BRUTE_FORCE
00:33:12.694 [FXGL Background Thread 3 ] DEBUG Engine               - configClass: Optional.empty
00:33:12.694 [FXGL Background Thread 3 ] DEBUG Engine               - credits: []
00:33:12.694 [FXGL Background Thread 3 ] DEBUG Engine               - defaultCursor: CursorInfo(imageName=fxgl_default_cursor.png, hotspotX=7.0, hotspotY=6.0)
00:33:12.694 [FXGL Background Thread 3 ] DEBUG Engine               - devBBoxColorProperty: ObjectProperty [value: 0xff0000ff]
00:33:12.694 [FXGL Background Thread 3 ] DEBUG Engine               - devEnableDebugCameraProperty: BooleanProperty [value: false]
00:33:12.695 [FXGL Background Thread 3 ] DEBUG Engine               - devSensorColorProperty: ObjectProperty [value: 0xffff00ff]
00:33:12.695 [FXGL Background Thread 3 ] DEBUG Engine               - devShowBBoxProperty: BooleanProperty [value: false]
00:33:12.695 [FXGL Background Thread 3 ] DEBUG Engine               - devShowPositionProperty: BooleanProperty [value: false]
00:33:12.695 [FXGL Background Thread 3 ] DEBUG Engine               - enabledMenuItems: []
00:33:12.695 [FXGL Background Thread 3 ] DEBUG Engine               - engineServices: [class com.almasb.fxgl.app.services.FXGLAssetLoaderService, class com.almasb.fxgl.app.FXGLApplication$GameApplicationService, class com.almasb.fxgl.app.services.FXGLDialogService, class com.almasb.fxgl.app.services.IOTaskExecutorService, class com.almasb.fxgl.io.FileSystemService, class com.almasb.fxgl.localization.LocalizationService, class com.almasb.fxgl.app.services.SystemBundleService, class com.almasb.fxgl.profile.SaveLoadService, class com.almasb.fxgl.ui.FXGLUIFactoryServiceProvider, class com.almasb.fxgl.ui.FXGLDialogFactoryServiceProvider, class com.almasb.fxgl.audio.AudioPlayer, class com.almasb.fxgl.notification.impl.NotificationServiceProvider, class com.almasb.fxgl.achievement.AchievementService, class com.almasb.fxgl.cutscene.CutsceneService, class com.almasb.fxgl.minigames.MiniGameService, class com.almasb.fxgl.net.NetService, class com.almasb.fxgl.app.services.UpdaterService, class com.almasb.fxgl.dev.DevService]
00:33:12.695 [FXGL Background Thread 3 ] DEBUG Engine               - fontGame: Abel-Regular.ttf
00:33:12.695 [FXGL Background Thread 3 ] DEBUG Engine               - fontMono: TerminalLandMono-Regular.otf
00:33:12.695 [FXGL Background Thread 3 ] DEBUG Engine               - fontText: Courier-Prime.ttf
00:33:12.695 [FXGL Background Thread 3 ] DEBUG Engine               - fontUI: VarelaRound-Regular.ttf
00:33:12.695 [FXGL Background Thread 3 ] DEBUG Engine               - fullScreen: BooleanProperty [value: false]
00:33:12.695 [FXGL Background Thread 3 ] DEBUG Engine               - gameDifficulty: MEDIUM
00:33:12.695 [FXGL Background Thread 3 ] DEBUG Engine               - gameDifficultyProperty: ObjectProperty [value: MEDIUM]
00:33:12.695 [FXGL Background Thread 3 ] DEBUG Engine               - globalMusicVolume: 0.5
00:33:12.695 [FXGL Background Thread 3 ] DEBUG Engine               - globalMusicVolumeProperty: DoubleProperty [value: 0.5]
00:33:12.695 [FXGL Background Thread 3 ] DEBUG Engine               - globalSoundVolume: 0.5
00:33:12.695 [FXGL Background Thread 3 ] DEBUG Engine               - globalSoundVolumeProperty: DoubleProperty [value: 0.5]
00:33:12.695 [FXGL Background Thread 3 ] DEBUG Engine               - height: 560
00:33:12.695 [FXGL Background Thread 3 ] DEBUG Engine               - is3D: false
00:33:12.696 [FXGL Background Thread 3 ] DEBUG Engine               - isAndroid: false
00:33:12.696 [FXGL Background Thread 3 ] DEBUG Engine               - isBrowser: false
00:33:12.696 [FXGL Background Thread 3 ] DEBUG Engine               - isClickFeedbackEnabled: false
00:33:12.696 [FXGL Background Thread 3 ] DEBUG Engine               - isCloseConfirmation: false
00:33:12.696 [FXGL Background Thread 3 ] DEBUG Engine               - isDesktop: true
00:33:12.696 [FXGL Background Thread 3 ] DEBUG Engine               - isDeveloperMenuEnabled: false
00:33:12.696 [FXGL Background Thread 3 ] DEBUG Engine               - isEmbedded: false
00:33:12.696 [FXGL Background Thread 3 ] DEBUG Engine               - isEntityPreloadEnabled: true
00:33:12.696 [FXGL Background Thread 3 ] DEBUG Engine               - isExperimentalTiledLargeMap: false
00:33:12.696 [FXGL Background Thread 3 ] DEBUG Engine               - isFileSystemWriteAllowed: true
00:33:12.696 [FXGL Background Thread 3 ] DEBUG Engine               - isFullScreenAllowed: false
00:33:12.696 [FXGL Background Thread 3 ] DEBUG Engine               - isFullScreenFromStart: false
00:33:12.696 [FXGL Background Thread 3 ] DEBUG Engine               - isGameMenuEnabled: true
00:33:12.696 [FXGL Background Thread 3 ] DEBUG Engine               - isIOS: false
00:33:12.696 [FXGL Background Thread 3 ] DEBUG Engine               - isIntroEnabled: false
00:33:12.696 [FXGL Background Thread 3 ] DEBUG Engine               - isLinux: false
00:33:12.696 [FXGL Background Thread 3 ] DEBUG Engine               - isMac: false
00:33:12.696 [FXGL Background Thread 3 ] DEBUG Engine               - isMainMenuEnabled: false
00:33:12.696 [FXGL Background Thread 3 ] DEBUG Engine               - isManualResizeEnabled: false
00:33:12.696 [FXGL Background Thread 3 ] DEBUG Engine               - isMobile: false
00:33:12.697 [FXGL Background Thread 3 ] DEBUG Engine               - isNative: false
00:33:12.697 [FXGL Background Thread 3 ] DEBUG Engine               - isPauseMusicWhenMinimized: true
00:33:12.697 [FXGL Background Thread 3 ] DEBUG Engine               - isPreserveResizeRatio: false
00:33:12.697 [FXGL Background Thread 3 ] DEBUG Engine               - isProfilingEnabled: false
00:33:12.697 [FXGL Background Thread 3 ] DEBUG Engine               - isScaleAffectedOnResize: true
00:33:12.697 [FXGL Background Thread 3 ] DEBUG Engine               - isSingleStep: false
00:33:12.697 [FXGL Background Thread 3 ] DEBUG Engine               - isUserProfileEnabled: false
00:33:12.697 [FXGL Background Thread 3 ] DEBUG Engine               - isWindows: true
00:33:12.697 [FXGL Background Thread 3 ] DEBUG Engine               - language: ObjectProperty [value: ENGLISH]
00:33:12.697 [FXGL Background Thread 3 ] DEBUG Engine               - menuKey: ESCAPE
00:33:12.697 [FXGL Background Thread 3 ] DEBUG Engine               - mouseSensitivity: 0.2
00:33:12.697 [FXGL Background Thread 3 ] DEBUG Engine               - notificationViewClass: class com.almasb.fxgl.notification.view.XboxNotificationView
00:33:12.697 [FXGL Background Thread 3 ] DEBUG Engine               - pixelsPerMeter: 50.0
00:33:12.697 [FXGL Background Thread 3 ] DEBUG Engine               - platform: WINDOWS
00:33:12.697 [FXGL Background Thread 3 ] DEBUG Engine               - prefHeightProperty: ReadOnlyDoubleProperty [value: 560.0]
00:33:12.697 [FXGL Background Thread 3 ] DEBUG Engine               - prefWidthProperty: ReadOnlyDoubleProperty [value: 848.0]
00:33:12.697 [FXGL Background Thread 3 ] DEBUG Engine               - profileDir: profiles/
00:33:12.697 [FXGL Background Thread 3 ] DEBUG Engine               - profileName: StringProperty [value: DEFAULT]
00:33:12.697 [FXGL Background Thread 3 ] DEBUG Engine               - randomSeed: -1
00:33:12.698 [FXGL Background Thread 3 ] DEBUG Engine               - runtimeInfo: RuntimeInfo(platform=WINDOWS, version=17.2, build=20.08.2022 16.50)
00:33:12.698 [FXGL Background Thread 3 ] DEBUG Engine               - saveFileExt: sav
00:33:12.698 [FXGL Background Thread 3 ] DEBUG Engine               - scaledHeightProp$fxgl: DoubleProperty [bound, value: 560.0]
00:33:12.698 [FXGL Background Thread 3 ] DEBUG Engine               - scaledWidthProp$fxgl: DoubleProperty [bound, value: 848.0]
00:33:12.698 [FXGL Background Thread 3 ] DEBUG Engine               - sceneFactory: com.almasb.fxgl.app.scene.SceneFactory@2d4b1572
00:33:12.698 [FXGL Background Thread 3 ] DEBUG Engine               - secondsIn24h: 60
00:33:12.698 [FXGL Background Thread 3 ] DEBUG Engine               - soundMenuBack: menu/back.wav
00:33:12.698 [FXGL Background Thread 3 ] DEBUG Engine               - soundMenuPress: menu/press.wav
00:33:12.698 [FXGL Background Thread 3 ] DEBUG Engine               - soundMenuSelect: menu/select.wav
00:33:12.698 [FXGL Background Thread 3 ] DEBUG Engine               - soundNotification: core/notification.wav
00:33:12.698 [FXGL Background Thread 3 ] DEBUG Engine               - stageStyle: DECORATED
00:33:12.699 [FXGL Background Thread 3 ] DEBUG Engine               - supportedLanguages: [ENGLISH, FRENCH, GERMAN, HUNGARIAN, RUSSIAN]
00:33:12.699 [FXGL Background Thread 3 ] DEBUG Engine               - ticksPerSecond: -1
00:33:12.699 [FXGL Background Thread 3 ] DEBUG Engine               - title: Basic Game App
00:33:12.699 [FXGL Background Thread 3 ] DEBUG Engine               - urlGithub: https://github.com/AlmasB/FXGL
00:33:12.699 [FXGL Background Thread 3 ] DEBUG Engine               - urlLeaderboard: http://fxgl-top.herokuapp.com/
00:33:12.699 [FXGL Background Thread 3 ] DEBUG Engine               - urlPOM: https://raw.githubusercontent.com/AlmasB/FXGL/release/README.md
00:33:12.699 [FXGL Background Thread 3 ] DEBUG Engine               - userAppClass: class org.example.Main
00:33:12.699 [FXGL Background Thread 3 ] DEBUG Engine               - version: 0.0
00:33:12.699 [FXGL Background Thread 3 ] DEBUG Engine               - versionCheckDays: 7
00:33:12.699 [FXGL Background Thread 3 ] DEBUG Engine               - width: 848
00:33:12.699 [FXGL Background Thread 3 ] DEBUG Engine               - Logging services
00:33:12.699 [FXGL Background Thread 3 ] DEBUG Engine               - class com.almasb.fxgl.app.services.FXGLAssetLoaderService
00:33:12.700 [FXGL Background Thread 3 ] DEBUG Engine               - class com.almasb.fxgl.app.FXGLApplication$GameApplicationService
00:33:12.700 [FXGL Background Thread 3 ] DEBUG Engine               - class com.almasb.fxgl.app.services.FXGLDialogService
00:33:12.700 [FXGL Background Thread 3 ] DEBUG Engine               - class com.almasb.fxgl.app.services.IOTaskExecutorService
00:33:12.700 [FXGL Background Thread 3 ] DEBUG Engine               - class com.almasb.fxgl.io.FileSystemService
00:33:12.700 [FXGL Background Thread 3 ] DEBUG Engine               - class com.almasb.fxgl.localization.LocalizationService
00:33:12.700 [FXGL Background Thread 3 ] DEBUG Engine               - class com.almasb.fxgl.app.services.SystemBundleService
00:33:12.700 [FXGL Background Thread 3 ] DEBUG Engine               - class com.almasb.fxgl.profile.SaveLoadService
00:33:12.700 [FXGL Background Thread 3 ] DEBUG Engine               - class com.almasb.fxgl.ui.FXGLUIFactoryServiceProvider
00:33:12.700 [FXGL Background Thread 3 ] DEBUG Engine               - class com.almasb.fxgl.ui.FXGLDialogFactoryServiceProvider
00:33:12.700 [FXGL Background Thread 3 ] DEBUG Engine               - class com.almasb.fxgl.audio.AudioPlayer
00:33:12.700 [FXGL Background Thread 3 ] DEBUG Engine               - class com.almasb.fxgl.notification.impl.NotificationServiceProvider
00:33:12.700 [FXGL Background Thread 3 ] DEBUG Engine               - class com.almasb.fxgl.achievement.AchievementService
00:33:12.700 [FXGL Background Thread 3 ] DEBUG Engine               - class com.almasb.fxgl.cutscene.CutsceneService
00:33:12.700 [FXGL Background Thread 3 ] DEBUG Engine               - class com.almasb.fxgl.minigames.MiniGameService
00:33:12.700 [FXGL Background Thread 3 ] DEBUG Engine               - class com.almasb.fxgl.net.NetService
00:33:12.701 [FXGL Background Thread 3 ] DEBUG Engine               - class com.almasb.fxgl.app.services.UpdaterService
00:33:12.701 [FXGL Background Thread 3 ] DEBUG Engine               - class com.almasb.fxgl.dev.DevService
00:33:15.747 [JavaFX Application Thread] DEBUG FXGLApplication      - Exiting FXGL
00:33:15.747 [JavaFX Application Thread] DEBUG LoopRunner           - Stopping loop
00:33:15.747 [JavaFX Application Thread] DEBUG SystemBundleService  - Saving FXGL system data
00:33:15.749 [JavaFX Application Thread] DEBUG FileSystemAccess     - Writing to: C:\Users\david\OneDrive\Escritorio\concurrente\proyecto_concurrencia_simulador_restaurant\system\fxgl.bundle
00:33:15.750 [JavaFX Application Thread] DEBUG Async                - Shutting down background threads
00:33:15.750 [JavaFX Application Thread] DEBUG PrimaryStageWindow   - Closing main window
00:33:15.770 [JavaFX Application Thread] DEBUG Logger               - Closing Logger
